

================================================================
== Vitis HLS Report for 'filter_kernel_Pipeline_VITIS_LOOP_237_21'
================================================================
* Date:           Wed Feb 26 23:19:20 2025

* Version:        2024.2 (Build 5238294 on Nov  8 2024)
* Project:        image_kernel
* Solution:       hls (Vivado IP Flow Target)
* Product family: zynq
* Target device:  xc7z020-clg400-3


================================================================
== Performance Estimates
================================================================
+ Timing: 
    * Summary: 
    +--------+----------+----------+------------+
    |  Clock |  Target  | Estimated| Uncertainty|
    +--------+----------+----------+------------+
    |ap_clk  |  10.00 ns|  4.507 ns|     2.70 ns|
    +--------+----------+----------+------------+

+ Latency: 
    * Summary: 
    +---------+---------+-----------+----------+-----+-----+------------------------------------------------+
    |  Latency (cycles) |  Latency (absolute)  |  Interval |                    Pipeline                    |
    |   min   |   max   |    min    |    max   | min | max |                      Type                      |
    +---------+---------+-----------+----------+-----+-----+------------------------------------------------+
    |        3|        ?|  30.000 ns|         ?|    2|    0|  loop auto-rewind stp (delay=0 clock cycles(s))|
    +---------+---------+-----------+----------+-----+-----+------------------------------------------------+

    + Detail: 
        * Instance: 
        N/A

        * Loop: 
        +---------------------+---------+---------+----------+-----------+-----------+-------+----------+
        |                     |  Latency (cycles) | Iteration|  Initiation Interval  |  Trip |          |
        |      Loop Name      |   min   |   max   |  Latency |  achieved |   target  | Count | Pipelined|
        +---------------------+---------+---------+----------+-----------+-----------+-------+----------+
        |- VITIS_LOOP_237_21  |        1|        ?|         2|          1|          1|  1 ~ ?|       yes|
        +---------------------+---------+---------+----------+-----------+-----------+-------+----------+

============================================================
+ Verbose Summary: Synthesis Manager
============================================================
InlineROM: 1
ExposeGlobal: 0
============================================================
+ Verbose Summary: CDFG Model
============================================================
IsTopModel: 0
ResetActiveHigh: 1
IsCombinational: 0
IsDatapathOnly: 0
HasWiredReturn: 1
HasMFsm: 2
HasVarLatency: 1
IsPipeline: 0
IsRtlPipelined: 0
IsInstanceOverlapped: 0
IsDontTouch: 0
HasImplIP: 0
IsGatedGlobalClock: 0

+ Individual pipeline summary: 
  * Pipeline-0: initiation interval (II) = 1, depth = 2


============================================================
+ Verbose Summary: Schedule
============================================================
* Number of FSM states : 2
* Pipeline : 1
  Pipeline-0 : II = 1, D = 2, States = { 1 2 }
* Dataflow Pipeline: 0

* FSM state transitions: 
1 --> 2 
2 --> 

* FSM state operations: 

State 1 <SV = 0> <Delay = 4.36>
ST_1 : Operation 5 [1/1] (0.00ns)   --->   "%next_output_axie4_data_1 = alloca i32 1" [filter_kernel.cpp:235]   --->   Operation 5 'alloca' 'next_output_axie4_data_1' <Predicate = true> <Delay = 0.00>
ST_1 : Operation 6 [1/1] (0.00ns)   --->   "%k = alloca i32 1" [filter_kernel.cpp:237]   --->   Operation 6 'alloca' 'k' <Predicate = true> <Delay = 0.00>
ST_1 : Operation 7 [1/1] (0.00ns)   --->   "%next_input_axie4_data_read = read i128 @_ssdm_op_Read.ap_auto.i128, i128 %next_input_axie4_data"   --->   Operation 7 'read' 'next_input_axie4_data_read' <Predicate = true> <Delay = 0.00>
ST_1 : Operation 8 [1/1] (0.00ns)   --->   "%remaining_channels_read = read i31 @_ssdm_op_Read.ap_auto.i31, i31 %remaining_channels"   --->   Operation 8 'read' 'remaining_channels_read' <Predicate = true> <Delay = 0.00>
ST_1 : Operation 9 [1/1] (0.00ns)   --->   "%next_output_axie4_data_read = read i128 @_ssdm_op_Read.ap_auto.i128, i128 %next_output_axie4_data"   --->   Operation 9 'read' 'next_output_axie4_data_read' <Predicate = true> <Delay = 0.00>
ST_1 : Operation 10 [1/1] (1.14ns)   --->   "%store_ln237 = store i31 0, i31 %k" [filter_kernel.cpp:237]   --->   Operation 10 'store' 'store_ln237' <Predicate = true> <Delay = 1.14>
ST_1 : Operation 11 [1/1] (1.14ns)   --->   "%store_ln235 = store i128 %next_output_axie4_data_read, i128 %next_output_axie4_data_1" [filter_kernel.cpp:235]   --->   Operation 11 'store' 'store_ln235' <Predicate = true> <Delay = 1.14>
ST_1 : Operation 12 [1/1] (0.00ns)   --->   "%br_ln0 = br void %for.inc441"   --->   Operation 12 'br' 'br_ln0' <Predicate = true> <Delay = 0.00>
ST_1 : Operation 13 [1/1] (0.00ns)   --->   "%k_3 = load i31 %k" [filter_kernel.cpp:239]   --->   Operation 13 'load' 'k_3' <Predicate = true> <Delay = 0.00>
ST_1 : Operation 14 [1/1] (1.89ns)   --->   "%icmp_ln237 = icmp_eq  i31 %k_3, i31 %remaining_channels_read" [filter_kernel.cpp:237]   --->   Operation 14 'icmp' 'icmp_ln237' <Predicate = true> <Delay = 1.89> <CoreInst = "Cmp">   --->   Core 9 'Cmp' <Latency = 0> <II = 1> <Delay = 1.89> <FuncUnit> <Opcode : 'seteq' 'setne' 'setle' 'setge' 'setlt' 'setgt'> <InPorts = 2> <OutPorts = 1>
ST_1 : Operation 15 [1/1] (0.00ns)   --->   "%speclooptripcount_ln0 = speclooptripcount void @_ssdm_op_SpecLoopTripCount, i64 1, i64 18446744073709551615, i64 0"   --->   Operation 15 'speclooptripcount' 'speclooptripcount_ln0' <Predicate = true> <Delay = 0.00>
ST_1 : Operation 16 [1/1] (1.89ns)   --->   "%k_4 = add i31 %k_3, i31 1" [filter_kernel.cpp:237]   --->   Operation 16 'add' 'k_4' <Predicate = true> <Delay = 1.89> <CoreInst = "Adder">   --->   Core 1 'Adder' <Latency = 0> <II = 1> <Delay = 1.89> <FuncUnit> <Opcode : 'add' 'sub'> <InPorts = 2> <OutPorts = 1>
ST_1 : Operation 17 [1/1] (0.00ns)   --->   "%br_ln237 = br i1 %icmp_ln237, void %for.inc441.split, void %for.end443.exitStub" [filter_kernel.cpp:237]   --->   Operation 17 'br' 'br_ln237' <Predicate = true> <Delay = 0.00>
ST_1 : Operation 18 [1/1] (0.00ns)   --->   "%trunc_ln239 = trunc i31 %k_3" [filter_kernel.cpp:239]   --->   Operation 18 'trunc' 'trunc_ln239' <Predicate = (!icmp_ln237)> <Delay = 0.00>
ST_1 : Operation 19 [1/1] (0.00ns)   --->   "%shl_ln9 = bitconcatenate i32 @_ssdm_op_BitConcatenate.i32.i29.i3, i29 %trunc_ln239, i3 0" [filter_kernel.cpp:239]   --->   Operation 19 'bitconcatenate' 'shl_ln9' <Predicate = (!icmp_ln237)> <Delay = 0.00>
ST_1 : Operation 20 [1/1] (0.00ns)   --->   "%zext_ln239 = zext i32 %shl_ln9" [filter_kernel.cpp:239]   --->   Operation 20 'zext' 'zext_ln239' <Predicate = (!icmp_ln237)> <Delay = 0.00>
ST_1 : Operation 21 [1/1] (3.21ns)   --->   "%lshr_ln239 = lshr i128 %next_input_axie4_data_read, i128 %zext_ln239" [filter_kernel.cpp:239]   --->   Operation 21 'lshr' 'lshr_ln239' <Predicate = (!icmp_ln237)> <Delay = 3.21> <CoreInst = "Shifter">   --->   Core 75 'Shifter' <Latency = 0> <II = 1> <Delay = 3.21> <FuncUnit> <Opcode : 'shl' 'lshr' 'ashr'> <InPorts = 2> <OutPorts = 1>
ST_1 : Operation 22 [1/1] (0.00ns)   --->   "%pixel_val = trunc i128 %lshr_ln239" [filter_kernel.cpp:239]   --->   Operation 22 'trunc' 'pixel_val' <Predicate = (!icmp_ln237)> <Delay = 0.00>
ST_1 : Operation 23 [1/1] (1.14ns)   --->   "%store_ln237 = store i31 %k_4, i31 %k" [filter_kernel.cpp:237]   --->   Operation 23 'store' 'store_ln237' <Predicate = (!icmp_ln237)> <Delay = 1.14>
ST_1 : Operation 35 [1/1] (0.00ns)   --->   "%next_output_axie4_data_1_load_1 = load i128 %next_output_axie4_data_1"   --->   Operation 35 'load' 'next_output_axie4_data_1_load_1' <Predicate = (icmp_ln237)> <Delay = 0.00>
ST_1 : Operation 36 [1/1] (0.00ns)   --->   "%write_ln0 = write void @_ssdm_op_Write.ap_auto.i128P0A, i128 %next_output_axie4_data_1_out, i128 %next_output_axie4_data_1_load_1"   --->   Operation 36 'write' 'write_ln0' <Predicate = (icmp_ln237)> <Delay = 0.00>
ST_1 : Operation 37 [1/1] (1.14ns)   --->   "%ret_ln0 = ret"   --->   Operation 37 'ret' 'ret_ln0' <Predicate = (icmp_ln237)> <Delay = 1.14>

State 2 <SV = 1> <Delay = 4.50>
ST_2 : Operation 24 [1/1] (0.00ns)   --->   "%next_output_axie4_data_1_load = load i128 %next_output_axie4_data_1" [filter_kernel.cpp:242]   --->   Operation 24 'load' 'next_output_axie4_data_1_load' <Predicate = true> <Delay = 0.00>
ST_2 : Operation 25 [1/1] (0.00ns)   --->   "%specpipeline_ln235 = specpipeline void @_ssdm_op_SpecPipeline, i32 4294967295, i32 0, i32 0, i32 0, void @empty_26" [filter_kernel.cpp:235]   --->   Operation 25 'specpipeline' 'specpipeline_ln235' <Predicate = true> <Delay = 0.00>
ST_2 : Operation 26 [1/1] (0.00ns)   --->   "%specloopname_ln237 = specloopname void @_ssdm_op_SpecLoopName, void @empty_18" [filter_kernel.cpp:237]   --->   Operation 26 'specloopname' 'specloopname_ln237' <Predicate = true> <Delay = 0.00>
ST_2 : Operation 27 [1/1] (2.61ns)   --->   "%shl_ln241 = shl i128 255, i128 %zext_ln239" [filter_kernel.cpp:241]   --->   Operation 27 'shl' 'shl_ln241' <Predicate = true> <Delay = 2.61> <CoreInst = "Shifter">   --->   Core 75 'Shifter' <Latency = 0> <II = 1> <Delay = 2.61> <FuncUnit> <Opcode : 'shl' 'lshr' 'ashr'> <InPorts = 2> <OutPorts = 1>
ST_2 : Operation 28 [1/1] (0.00ns)   --->   "%zext_ln242 = zext i8 %pixel_val" [filter_kernel.cpp:242]   --->   Operation 28 'zext' 'zext_ln242' <Predicate = true> <Delay = 0.00>
ST_2 : Operation 29 [1/1] (2.61ns)   --->   "%shl_ln242 = shl i128 %zext_ln242, i128 %zext_ln239" [filter_kernel.cpp:242]   --->   Operation 29 'shl' 'shl_ln242' <Predicate = true> <Delay = 2.61> <CoreInst = "Shifter">   --->   Core 75 'Shifter' <Latency = 0> <II = 1> <Delay = 2.61> <FuncUnit> <Opcode : 'shl' 'lshr' 'ashr'> <InPorts = 2> <OutPorts = 1>
ST_2 : Operation 30 [1/1] (0.00ns) (grouped into LUT with out node next_output_axie4_data_2)   --->   "%xor_ln242 = xor i128 %shl_ln241, i128 340282366920938463463374607431768211455" [filter_kernel.cpp:242]   --->   Operation 30 'xor' 'xor_ln242' <Predicate = true> <Delay = 0.00> <CoreInst = "LogicGate">   --->   Core 74 'LogicGate' <Latency = 0> <II = 1> <Delay = 0.75> <FuncUnit> <Opcode : 'and' 'or' 'xor'> <InPorts = 2> <OutPorts = 1>
ST_2 : Operation 31 [1/1] (0.00ns) (grouped into LUT with out node next_output_axie4_data_2)   --->   "%and_ln242 = and i128 %next_output_axie4_data_1_load, i128 %xor_ln242" [filter_kernel.cpp:242]   --->   Operation 31 'and' 'and_ln242' <Predicate = true> <Delay = 0.00> <CoreInst = "LogicGate">   --->   Core 74 'LogicGate' <Latency = 0> <II = 1> <Delay = 0.75> <FuncUnit> <Opcode : 'and' 'or' 'xor'> <InPorts = 2> <OutPorts = 1>
ST_2 : Operation 32 [1/1] (0.75ns) (out node of the LUT)   --->   "%next_output_axie4_data_2 = or i128 %shl_ln242, i128 %and_ln242" [filter_kernel.cpp:242]   --->   Operation 32 'or' 'next_output_axie4_data_2' <Predicate = true> <Delay = 0.75> <CoreInst = "LogicGate">   --->   Core 74 'LogicGate' <Latency = 0> <II = 1> <Delay = 0.75> <FuncUnit> <Opcode : 'and' 'or' 'xor'> <InPorts = 2> <OutPorts = 1>
ST_2 : Operation 33 [1/1] (1.14ns)   --->   "%store_ln235 = store i128 %next_output_axie4_data_2, i128 %next_output_axie4_data_1" [filter_kernel.cpp:235]   --->   Operation 33 'store' 'store_ln235' <Predicate = true> <Delay = 1.14>
ST_2 : Operation 34 [1/1] (0.00ns)   --->   "%br_ln237 = br void %for.inc441" [filter_kernel.cpp:237]   --->   Operation 34 'br' 'br_ln237' <Predicate = true> <Delay = 0.00>


============================================================
+ Verbose Summary: Timing violations
============================================================
Target clock period: 10.000ns, clock uncertainty: 2.700ns.

 <State 1>: 4.361ns
The critical path consists of the following:
	'store' operation 0 bit ('store_ln237', filter_kernel.cpp:237) of constant 0 on local variable 'k', filter_kernel.cpp:237 [10]  (1.146 ns)
	'load' operation 31 bit ('k', filter_kernel.cpp:239) on local variable 'k', filter_kernel.cpp:237 [14]  (0.000 ns)
	'lshr' operation 128 bit ('lshr_ln239', filter_kernel.cpp:239) [26]  (3.215 ns)

 <State 2>: 4.507ns
The critical path consists of the following:
	'shl' operation 128 bit ('shl_ln241', filter_kernel.cpp:241) [28]  (2.611 ns)
	'xor' operation 128 bit ('xor_ln242', filter_kernel.cpp:242) [31]  (0.000 ns)
	'and' operation 128 bit ('and_ln242', filter_kernel.cpp:242) [32]  (0.000 ns)
	'or' operation 128 bit ('next_output_axie4_data', filter_kernel.cpp:242) [33]  (0.750 ns)
	'store' operation 0 bit ('store_ln235', filter_kernel.cpp:235) of variable 'next_output_axie4_data', filter_kernel.cpp:242 on local variable 'next_output_axie4_data', filter_kernel.cpp:235 [35]  (1.146 ns)


============================================================
+ Verbose Summary: Binding
============================================================
N/A
* FSMD analyzer results:
  - Output states:
 - Input state : 
  - Chain level:
	State 1
	State 2


============================================================
+ Verbose Summary: Datapath Resource usage 
============================================================
N/A
