

================================================================
== Vitis HLS Report for 'filter_kernel_Pipeline_VITIS_LOOP_160_15'
================================================================
* Date:           Wed Feb 26 23:19:20 2025

* Version:        2024.2 (Build 5238294 on Nov  8 2024)
* Project:        image_kernel
* Solution:       hls (Vivado IP Flow Target)
* Product family: zynq
* Target device:  xc7z020-clg400-3


================================================================
== Performance Estimates
================================================================
+ Timing: 
    * Summary: 
    +--------+----------+----------+------------+
    |  Clock |  Target  | Estimated| Uncertainty|
    +--------+----------+----------+------------+
    |ap_clk  |  10.00 ns|  7.280 ns|     2.70 ns|
    +--------+----------+----------+------------+

+ Latency: 
    * Summary: 
    +---------+---------+----------+----------+-----+-----+------------------------------------------------+
    |  Latency (cycles) |  Latency (absolute) |  Interval |                    Pipeline                    |
    |   min   |   max   |    min   |    max   | min | max |                      Type                      |
    +---------+---------+----------+----------+-----+-----+------------------------------------------------+
    |        ?|        ?|         ?|         ?|    0|    0|  loop auto-rewind stp (delay=0 clock cycles(s))|
    +---------+---------+----------+----------+-----+-----+------------------------------------------------+

    + Detail: 
        * Instance: 
        N/A

        * Loop: 
        +---------------------+---------+---------+----------+-----------+-----------+------+----------+
        |                     |  Latency (cycles) | Iteration|  Initiation Interval  | Trip |          |
        |      Loop Name      |   min   |   max   |  Latency |  achieved |   target  | Count| Pipelined|
        +---------------------+---------+---------+----------+-----------+-----------+------+----------+
        |- VITIS_LOOP_160_15  |        ?|        ?|        59|          1|          1|     ?|       yes|
        +---------------------+---------+---------+----------+-----------+-----------+------+----------+

============================================================
+ Verbose Summary: Synthesis Manager
============================================================
InlineROM: 1
ExposeGlobal: 0
============================================================
+ Verbose Summary: CDFG Model
============================================================
IsTopModel: 0
ResetActiveHigh: 1
IsCombinational: 0
IsDatapathOnly: 0
HasWiredReturn: 1
HasMFsm: 2
HasVarLatency: 1
IsPipeline: 0
IsRtlPipelined: 0
IsInstanceOverlapped: 0
IsDontTouch: 0
HasImplIP: 0
IsGatedGlobalClock: 0

+ Individual pipeline summary: 
  * Pipeline-0: initiation interval (II) = 1, depth = 59


============================================================
+ Verbose Summary: Schedule
============================================================
* Number of FSM states : 59
* Pipeline : 1
  Pipeline-0 : II = 1, D = 59, States = { 1 2 3 4 5 6 7 8 9 10 11 12 13 14 15 16 17 18 19 20 21 22 23 24 25 26 27 28 29 30 31 32 33 34 35 36 37 38 39 40 41 42 43 44 45 46 47 48 49 50 51 52 53 54 55 56 57 58 59 }
* Dataflow Pipeline: 0

* FSM state transitions: 
1 --> 2 
2 --> 3 
3 --> 4 
4 --> 5 
5 --> 6 
6 --> 7 
7 --> 8 
8 --> 9 
9 --> 10 
10 --> 11 
11 --> 12 
12 --> 13 
13 --> 14 
14 --> 15 
15 --> 16 
16 --> 17 
17 --> 18 
18 --> 19 
19 --> 20 
20 --> 21 
21 --> 22 
22 --> 23 
23 --> 24 
24 --> 25 
25 --> 26 
26 --> 27 
27 --> 28 
28 --> 29 
29 --> 30 
30 --> 31 
31 --> 32 
32 --> 33 
33 --> 34 
34 --> 35 
35 --> 36 
36 --> 37 
37 --> 38 
38 --> 39 
39 --> 40 
40 --> 41 
41 --> 42 
42 --> 43 
43 --> 44 
44 --> 45 
45 --> 46 
46 --> 47 
47 --> 48 
48 --> 49 
49 --> 50 
50 --> 51 
51 --> 52 
52 --> 53 
53 --> 54 
54 --> 55 
55 --> 56 
56 --> 57 
57 --> 58 
58 --> 59 
59 --> 

* FSM state operations: 

State 1 <SV = 0> <Delay = 4.20>
ST_1 : Operation 62 [1/1] (0.00ns)   --->   "%k_6 = alloca i32 1" [filter_kernel.cpp:160]   --->   Operation 62 'alloca' 'k_6' <Predicate = true> <Delay = 0.00>
ST_1 : Operation 63 [1/1] (0.00ns)   --->   "%output_pixel = alloca i32 1" [filter_kernel.cpp:157]   --->   Operation 63 'alloca' 'output_pixel' <Predicate = true> <Delay = 0.00>
ST_1 : Operation 64 [1/1] (0.00ns)   --->   "%output_pixel_1 = alloca i32 1" [filter_kernel.cpp:157]   --->   Operation 64 'alloca' 'output_pixel_1' <Predicate = true> <Delay = 0.00>
ST_1 : Operation 65 [1/1] (0.00ns)   --->   "%output_pixel_2 = alloca i32 1" [filter_kernel.cpp:157]   --->   Operation 65 'alloca' 'output_pixel_2' <Predicate = true> <Delay = 0.00>
ST_1 : Operation 66 [1/1] (0.00ns)   --->   "%filter_divisor_read = read i32 @_ssdm_op_Read.ap_auto.float, i32 %filter_divisor"   --->   Operation 66 'read' 'filter_divisor_read' <Predicate = true> <Delay = 0.00>
ST_1 : Operation 67 [1/1] (0.00ns)   --->   "%mux_case_2101288_reload_read = read i32 @_ssdm_op_Read.ap_auto.float, i32 %mux_case_2101288_reload"   --->   Operation 67 'read' 'mux_case_2101288_reload_read' <Predicate = true> <Delay = 0.00>
ST_1 : Operation 68 [1/1] (0.00ns)   --->   "%mux_case_236261_reload_read = read i32 @_ssdm_op_Read.ap_auto.float, i32 %mux_case_236261_reload"   --->   Operation 68 'read' 'mux_case_236261_reload_read' <Predicate = true> <Delay = 0.00>
ST_1 : Operation 69 [1/1] (0.00ns)   --->   "%mux_case_218234_reload_read = read i32 @_ssdm_op_Read.ap_auto.float, i32 %mux_case_218234_reload"   --->   Operation 69 'read' 'mux_case_218234_reload_read' <Predicate = true> <Delay = 0.00>
ST_1 : Operation 70 [1/1] (0.00ns)   --->   "%mux_case_199279_reload_read = read i32 @_ssdm_op_Read.ap_auto.float, i32 %mux_case_199279_reload"   --->   Operation 70 'read' 'mux_case_199279_reload_read' <Predicate = true> <Delay = 0.00>
ST_1 : Operation 71 [1/1] (0.00ns)   --->   "%mux_case_134252_reload_read = read i32 @_ssdm_op_Read.ap_auto.float, i32 %mux_case_134252_reload"   --->   Operation 71 'read' 'mux_case_134252_reload_read' <Predicate = true> <Delay = 0.00>
ST_1 : Operation 72 [1/1] (0.00ns)   --->   "%mux_case_116225_reload_read = read i32 @_ssdm_op_Read.ap_auto.float, i32 %mux_case_116225_reload"   --->   Operation 72 'read' 'mux_case_116225_reload_read' <Predicate = true> <Delay = 0.00>
ST_1 : Operation 73 [1/1] (0.00ns)   --->   "%mux_case_097270_reload_read = read i32 @_ssdm_op_Read.ap_auto.float, i32 %mux_case_097270_reload"   --->   Operation 73 'read' 'mux_case_097270_reload_read' <Predicate = true> <Delay = 0.00>
ST_1 : Operation 74 [1/1] (0.00ns)   --->   "%mux_case_032243_reload_read = read i32 @_ssdm_op_Read.ap_auto.float, i32 %mux_case_032243_reload"   --->   Operation 74 'read' 'mux_case_032243_reload_read' <Predicate = true> <Delay = 0.00>
ST_1 : Operation 75 [1/1] (0.00ns)   --->   "%mux_case_014216_reload_read = read i32 @_ssdm_op_Read.ap_auto.float, i32 %mux_case_014216_reload"   --->   Operation 75 'read' 'mux_case_014216_reload_read' <Predicate = true> <Delay = 0.00>
ST_1 : Operation 76 [1/1] (0.00ns)   --->   "%window_26_load_1_read = read i8 @_ssdm_op_Read.ap_auto.i8, i8 %window_26_load_1"   --->   Operation 76 'read' 'window_26_load_1_read' <Predicate = true> <Delay = 0.00>
ST_1 : Operation 77 [1/1] (0.00ns)   --->   "%window_25_load_1_read = read i8 @_ssdm_op_Read.ap_auto.i8, i8 %window_25_load_1"   --->   Operation 77 'read' 'window_25_load_1_read' <Predicate = true> <Delay = 0.00>
ST_1 : Operation 78 [1/1] (0.00ns)   --->   "%window_24_load_1_read = read i8 @_ssdm_op_Read.ap_auto.i8, i8 %window_24_load_1"   --->   Operation 78 'read' 'window_24_load_1_read' <Predicate = true> <Delay = 0.00>
ST_1 : Operation 79 [1/1] (0.00ns)   --->   "%window_17_load_1_read = read i8 @_ssdm_op_Read.ap_auto.i8, i8 %window_17_load_1"   --->   Operation 79 'read' 'window_17_load_1_read' <Predicate = true> <Delay = 0.00>
ST_1 : Operation 80 [1/1] (0.00ns)   --->   "%window_16_load_1_read = read i8 @_ssdm_op_Read.ap_auto.i8, i8 %window_16_load_1"   --->   Operation 80 'read' 'window_16_load_1_read' <Predicate = true> <Delay = 0.00>
ST_1 : Operation 81 [1/1] (0.00ns)   --->   "%window_15_load_1_read = read i8 @_ssdm_op_Read.ap_auto.i8, i8 %window_15_load_1"   --->   Operation 81 'read' 'window_15_load_1_read' <Predicate = true> <Delay = 0.00>
ST_1 : Operation 82 [1/1] (0.00ns)   --->   "%window_8_load_1_read = read i8 @_ssdm_op_Read.ap_auto.i8, i8 %window_8_load_1"   --->   Operation 82 'read' 'window_8_load_1_read' <Predicate = true> <Delay = 0.00>
ST_1 : Operation 83 [1/1] (0.00ns)   --->   "%window_7_load_1_read = read i8 @_ssdm_op_Read.ap_auto.i8, i8 %window_7_load_1"   --->   Operation 83 'read' 'window_7_load_1_read' <Predicate = true> <Delay = 0.00>
ST_1 : Operation 84 [1/1] (0.00ns)   --->   "%window_6_load_1_read = read i8 @_ssdm_op_Read.ap_auto.i8, i8 %window_6_load_1"   --->   Operation 84 'read' 'window_6_load_1_read' <Predicate = true> <Delay = 0.00>
ST_1 : Operation 85 [1/1] (0.00ns)   --->   "%window_23_load_1_read = read i8 @_ssdm_op_Read.ap_auto.i8, i8 %window_23_load_1"   --->   Operation 85 'read' 'window_23_load_1_read' <Predicate = true> <Delay = 0.00>
ST_1 : Operation 86 [1/1] (0.00ns)   --->   "%window_22_load_1_read = read i8 @_ssdm_op_Read.ap_auto.i8, i8 %window_22_load_1"   --->   Operation 86 'read' 'window_22_load_1_read' <Predicate = true> <Delay = 0.00>
ST_1 : Operation 87 [1/1] (0.00ns)   --->   "%window_21_load_1_read = read i8 @_ssdm_op_Read.ap_auto.i8, i8 %window_21_load_1"   --->   Operation 87 'read' 'window_21_load_1_read' <Predicate = true> <Delay = 0.00>
ST_1 : Operation 88 [1/1] (0.00ns)   --->   "%window_14_load_2_read = read i8 @_ssdm_op_Read.ap_auto.i8, i8 %window_14_load_2"   --->   Operation 88 'read' 'window_14_load_2_read' <Predicate = true> <Delay = 0.00>
ST_1 : Operation 89 [1/1] (0.00ns)   --->   "%window_13_load_2_read = read i8 @_ssdm_op_Read.ap_auto.i8, i8 %window_13_load_2"   --->   Operation 89 'read' 'window_13_load_2_read' <Predicate = true> <Delay = 0.00>
ST_1 : Operation 90 [1/1] (0.00ns)   --->   "%window_12_load_2_read = read i8 @_ssdm_op_Read.ap_auto.i8, i8 %window_12_load_2"   --->   Operation 90 'read' 'window_12_load_2_read' <Predicate = true> <Delay = 0.00>
ST_1 : Operation 91 [1/1] (0.00ns)   --->   "%window_5_load_1_read = read i8 @_ssdm_op_Read.ap_auto.i8, i8 %window_5_load_1"   --->   Operation 91 'read' 'window_5_load_1_read' <Predicate = true> <Delay = 0.00>
ST_1 : Operation 92 [1/1] (0.00ns)   --->   "%window_4_load_1_read = read i8 @_ssdm_op_Read.ap_auto.i8, i8 %window_4_load_1"   --->   Operation 92 'read' 'window_4_load_1_read' <Predicate = true> <Delay = 0.00>
ST_1 : Operation 93 [1/1] (0.00ns)   --->   "%window_3_load_1_read = read i8 @_ssdm_op_Read.ap_auto.i8, i8 %window_3_load_1"   --->   Operation 93 'read' 'window_3_load_1_read' <Predicate = true> <Delay = 0.00>
ST_1 : Operation 94 [1/1] (0.00ns)   --->   "%window_20_load_read = read i8 @_ssdm_op_Read.ap_auto.i8, i8 %window_20_load"   --->   Operation 94 'read' 'window_20_load_read' <Predicate = true> <Delay = 0.00>
ST_1 : Operation 95 [1/1] (0.00ns)   --->   "%window_19_load_read = read i8 @_ssdm_op_Read.ap_auto.i8, i8 %window_19_load"   --->   Operation 95 'read' 'window_19_load_read' <Predicate = true> <Delay = 0.00>
ST_1 : Operation 96 [1/1] (0.00ns)   --->   "%window_18_load_read = read i8 @_ssdm_op_Read.ap_auto.i8, i8 %window_18_load"   --->   Operation 96 'read' 'window_18_load_read' <Predicate = true> <Delay = 0.00>
ST_1 : Operation 97 [1/1] (0.00ns)   --->   "%window_11_load_read = read i8 @_ssdm_op_Read.ap_auto.i8, i8 %window_11_load"   --->   Operation 97 'read' 'window_11_load_read' <Predicate = true> <Delay = 0.00>
ST_1 : Operation 98 [1/1] (0.00ns)   --->   "%window_10_load_read = read i8 @_ssdm_op_Read.ap_auto.i8, i8 %window_10_load"   --->   Operation 98 'read' 'window_10_load_read' <Predicate = true> <Delay = 0.00>
ST_1 : Operation 99 [1/1] (0.00ns)   --->   "%window_9_load_read = read i8 @_ssdm_op_Read.ap_auto.i8, i8 %window_9_load"   --->   Operation 99 'read' 'window_9_load_read' <Predicate = true> <Delay = 0.00>
ST_1 : Operation 100 [1/1] (0.00ns)   --->   "%window_2_load_read = read i8 @_ssdm_op_Read.ap_auto.i8, i8 %window_2_load"   --->   Operation 100 'read' 'window_2_load_read' <Predicate = true> <Delay = 0.00>
ST_1 : Operation 101 [1/1] (0.00ns)   --->   "%window_1_load_read = read i8 @_ssdm_op_Read.ap_auto.i8, i8 %window_1_load"   --->   Operation 101 'read' 'window_1_load_read' <Predicate = true> <Delay = 0.00>
ST_1 : Operation 102 [1/1] (0.00ns)   --->   "%window_load_read = read i8 @_ssdm_op_Read.ap_auto.i8, i8 %window_load"   --->   Operation 102 'read' 'window_load_read' <Predicate = true> <Delay = 0.00>
ST_1 : Operation 103 [1/1] (0.00ns)   --->   "%channels_read = read i32 @_ssdm_op_Read.ap_auto.i32, i32 %channels"   --->   Operation 103 'read' 'channels_read' <Predicate = true> <Delay = 0.00>
ST_1 : Operation 104 [1/1] (1.14ns)   --->   "%store_ln160 = store i2 0, i2 %k_6" [filter_kernel.cpp:160]   --->   Operation 104 'store' 'store_ln160' <Predicate = true> <Delay = 1.14>
ST_1 : Operation 105 [1/1] (0.00ns)   --->   "%br_ln0 = br void %VITIS_LOOP_164_16"   --->   Operation 105 'br' 'br_ln0' <Predicate = true> <Delay = 0.00>
ST_1 : Operation 106 [1/1] (0.00ns)   --->   "%k = load i2 %k_6" [filter_kernel.cpp:160]   --->   Operation 106 'load' 'k' <Predicate = true> <Delay = 0.00>
ST_1 : Operation 107 [1/1] (0.00ns)   --->   "%zext_ln160 = zext i2 %k" [filter_kernel.cpp:160]   --->   Operation 107 'zext' 'zext_ln160' <Predicate = true> <Delay = 0.00>
ST_1 : Operation 108 [1/1] (1.91ns)   --->   "%icmp_ln160 = icmp_slt  i32 %zext_ln160, i32 %channels_read" [filter_kernel.cpp:160]   --->   Operation 108 'icmp' 'icmp_ln160' <Predicate = true> <Delay = 1.91> <CoreInst = "Cmp">   --->   Core 9 'Cmp' <Latency = 0> <II = 1> <Delay = 1.91> <FuncUnit> <Opcode : 'seteq' 'setne' 'setle' 'setge' 'setlt' 'setgt'> <InPorts = 2> <OutPorts = 1>
ST_1 : Operation 109 [1/1] (1.14ns)   --->   "%add_ln160 = add i2 %k, i2 1" [filter_kernel.cpp:160]   --->   Operation 109 'add' 'add_ln160' <Predicate = true> <Delay = 1.14> <CoreInst = "Adder">   --->   Core 1 'Adder' <Latency = 0> <II = 1> <Delay = 1.14> <FuncUnit> <Opcode : 'add' 'sub'> <InPorts = 2> <OutPorts = 1>
ST_1 : Operation 110 [1/1] (0.00ns)   --->   "%br_ln160 = br i1 %icmp_ln160, void %VITIS_LOOP_188_18.loopexit.exitStub, void %VITIS_LOOP_164_16.split" [filter_kernel.cpp:160]   --->   Operation 110 'br' 'br_ln160' <Predicate = true> <Delay = 0.00>
ST_1 : Operation 111 [1/1] (1.14ns)   --->   "%tmp_s = sparsemux i8 @_ssdm_op_SparseMux.ap_auto.3i8.i8.i2, i2 0, i8 %window_load_read, i2 1, i8 %window_1_load_read, i2 2, i8 %window_2_load_read, i8 0, i2 %k" [filter_kernel.cpp:167]   --->   Operation 111 'sparsemux' 'tmp_s' <Predicate = (icmp_ln160)> <Delay = 1.14> <CoreInst = "OneHotSparseMux_HasDef">   --->   Core 140 'OneHotSparseMux_HasDef' <Latency = 0> <II = 1> <Delay = 1.14> <FuncUnit> <Opcode : 'sparsemux'> <InPorts = 2> <OutPorts = 1>
ST_1 : Operation 112 [1/1] (1.14ns)   --->   "%switch_ln176 = switch i2 %k, void %arrayidx291.case.2, i2 0, void %arrayidx291.case.0, i2 1, void %VITIS_LOOP_164_16.split.arrayidx291.exit_crit_edge" [filter_kernel.cpp:176]   --->   Operation 112 'switch' 'switch_ln176' <Predicate = (icmp_ln160)> <Delay = 1.14>
ST_1 : Operation 113 [1/1] (1.14ns)   --->   "%store_ln160 = store i2 %add_ln160, i2 %k_6" [filter_kernel.cpp:160]   --->   Operation 113 'store' 'store_ln160' <Predicate = (icmp_ln160)> <Delay = 1.14>
ST_1 : Operation 114 [1/1] (0.00ns)   --->   "%br_ln160 = br void %VITIS_LOOP_164_16" [filter_kernel.cpp:160]   --->   Operation 114 'br' 'br_ln160' <Predicate = (icmp_ln160)> <Delay = 0.00>

State 2 <SV = 1> <Delay = 7.14>
ST_2 : Operation 115 [1/1] (0.00ns)   --->   "%zext_ln167 = zext i8 %tmp_s" [filter_kernel.cpp:167]   --->   Operation 115 'zext' 'zext_ln167' <Predicate = true> <Delay = 0.00>
ST_2 : Operation 116 [4/4] (7.14ns)   --->   "%conv = uitofp i32 %zext_ln167" [filter_kernel.cpp:167]   --->   Operation 116 'uitofp' 'conv' <Predicate = true> <Delay = 7.14> <CoreInst = "Int2Float">   --->   Core 62 'Int2Float' <Latency = 3> <II = 1> <Delay = 7.14> <FuncUnit> <Opcode : 'uitofp' 'sitofp'> <InPorts = 1> <OutPorts = 1>

State 3 <SV = 2> <Delay = 7.14>
ST_3 : Operation 117 [3/4] (7.14ns)   --->   "%conv = uitofp i32 %zext_ln167" [filter_kernel.cpp:167]   --->   Operation 117 'uitofp' 'conv' <Predicate = true> <Delay = 7.14> <CoreInst = "Int2Float">   --->   Core 62 'Int2Float' <Latency = 3> <II = 1> <Delay = 7.14> <FuncUnit> <Opcode : 'uitofp' 'sitofp'> <InPorts = 1> <OutPorts = 1>

State 4 <SV = 3> <Delay = 7.14>
ST_4 : Operation 118 [2/4] (7.14ns)   --->   "%conv = uitofp i32 %zext_ln167" [filter_kernel.cpp:167]   --->   Operation 118 'uitofp' 'conv' <Predicate = true> <Delay = 7.14> <CoreInst = "Int2Float">   --->   Core 62 'Int2Float' <Latency = 3> <II = 1> <Delay = 7.14> <FuncUnit> <Opcode : 'uitofp' 'sitofp'> <InPorts = 1> <OutPorts = 1>

State 5 <SV = 4> <Delay = 7.14>
ST_5 : Operation 119 [1/1] (1.14ns)   --->   "%tmp_3 = sparsemux i8 @_ssdm_op_SparseMux.ap_auto.3i8.i8.i2, i2 0, i8 %window_3_load_1_read, i2 1, i8 %window_4_load_1_read, i2 2, i8 %window_5_load_1_read, i8 0, i2 %k" [filter_kernel.cpp:167]   --->   Operation 119 'sparsemux' 'tmp_3' <Predicate = true> <Delay = 1.14> <CoreInst = "OneHotSparseMux_HasDef">   --->   Core 140 'OneHotSparseMux_HasDef' <Latency = 0> <II = 1> <Delay = 1.14> <FuncUnit> <Opcode : 'sparsemux'> <InPorts = 2> <OutPorts = 1>
ST_5 : Operation 120 [1/4] (7.14ns)   --->   "%conv = uitofp i32 %zext_ln167" [filter_kernel.cpp:167]   --->   Operation 120 'uitofp' 'conv' <Predicate = true> <Delay = 7.14> <CoreInst = "Int2Float">   --->   Core 62 'Int2Float' <Latency = 3> <II = 1> <Delay = 7.14> <FuncUnit> <Opcode : 'uitofp' 'sitofp'> <InPorts = 1> <OutPorts = 1>

State 6 <SV = 5> <Delay = 7.14>
ST_6 : Operation 121 [4/4] (4.34ns)   --->   "%mul = fmul i32 %conv, i32 %mux_case_014216_reload_read" [filter_kernel.cpp:167]   --->   Operation 121 'fmul' 'mul' <Predicate = true> <Delay = 4.34> <CoreInst = "FMul_maxdsp">   --->   Core 30 'FMul_maxdsp' <Latency = 3> <II = 1> <Delay = 4.34> <FuncUnit> <Opcode : 'fmul'> <InPorts = 2> <OutPorts = 1>
ST_6 : Operation 122 [1/1] (0.00ns)   --->   "%zext_ln167_1 = zext i8 %tmp_3" [filter_kernel.cpp:167]   --->   Operation 122 'zext' 'zext_ln167_1' <Predicate = true> <Delay = 0.00>
ST_6 : Operation 123 [4/4] (7.14ns)   --->   "%conv268_1 = uitofp i32 %zext_ln167_1" [filter_kernel.cpp:167]   --->   Operation 123 'uitofp' 'conv268_1' <Predicate = true> <Delay = 7.14> <CoreInst = "Int2Float">   --->   Core 62 'Int2Float' <Latency = 3> <II = 1> <Delay = 7.14> <FuncUnit> <Opcode : 'uitofp' 'sitofp'> <InPorts = 1> <OutPorts = 1>

State 7 <SV = 6> <Delay = 7.14>
ST_7 : Operation 124 [3/4] (4.34ns)   --->   "%mul = fmul i32 %conv, i32 %mux_case_014216_reload_read" [filter_kernel.cpp:167]   --->   Operation 124 'fmul' 'mul' <Predicate = true> <Delay = 4.34> <CoreInst = "FMul_maxdsp">   --->   Core 30 'FMul_maxdsp' <Latency = 3> <II = 1> <Delay = 4.34> <FuncUnit> <Opcode : 'fmul'> <InPorts = 2> <OutPorts = 1>
ST_7 : Operation 125 [3/4] (7.14ns)   --->   "%conv268_1 = uitofp i32 %zext_ln167_1" [filter_kernel.cpp:167]   --->   Operation 125 'uitofp' 'conv268_1' <Predicate = true> <Delay = 7.14> <CoreInst = "Int2Float">   --->   Core 62 'Int2Float' <Latency = 3> <II = 1> <Delay = 7.14> <FuncUnit> <Opcode : 'uitofp' 'sitofp'> <InPorts = 1> <OutPorts = 1>

State 8 <SV = 7> <Delay = 7.14>
ST_8 : Operation 126 [2/4] (4.34ns)   --->   "%mul = fmul i32 %conv, i32 %mux_case_014216_reload_read" [filter_kernel.cpp:167]   --->   Operation 126 'fmul' 'mul' <Predicate = true> <Delay = 4.34> <CoreInst = "FMul_maxdsp">   --->   Core 30 'FMul_maxdsp' <Latency = 3> <II = 1> <Delay = 4.34> <FuncUnit> <Opcode : 'fmul'> <InPorts = 2> <OutPorts = 1>
ST_8 : Operation 127 [2/4] (7.14ns)   --->   "%conv268_1 = uitofp i32 %zext_ln167_1" [filter_kernel.cpp:167]   --->   Operation 127 'uitofp' 'conv268_1' <Predicate = true> <Delay = 7.14> <CoreInst = "Int2Float">   --->   Core 62 'Int2Float' <Latency = 3> <II = 1> <Delay = 7.14> <FuncUnit> <Opcode : 'uitofp' 'sitofp'> <InPorts = 1> <OutPorts = 1>

State 9 <SV = 8> <Delay = 7.14>
ST_9 : Operation 128 [1/1] (1.14ns)   --->   "%tmp_6 = sparsemux i8 @_ssdm_op_SparseMux.ap_auto.3i8.i8.i2, i2 0, i8 %window_6_load_1_read, i2 1, i8 %window_7_load_1_read, i2 2, i8 %window_8_load_1_read, i8 0, i2 %k" [filter_kernel.cpp:167]   --->   Operation 128 'sparsemux' 'tmp_6' <Predicate = true> <Delay = 1.14> <CoreInst = "OneHotSparseMux_HasDef">   --->   Core 140 'OneHotSparseMux_HasDef' <Latency = 0> <II = 1> <Delay = 1.14> <FuncUnit> <Opcode : 'sparsemux'> <InPorts = 2> <OutPorts = 1>
ST_9 : Operation 129 [1/4] (4.34ns)   --->   "%mul = fmul i32 %conv, i32 %mux_case_014216_reload_read" [filter_kernel.cpp:167]   --->   Operation 129 'fmul' 'mul' <Predicate = true> <Delay = 4.34> <CoreInst = "FMul_maxdsp">   --->   Core 30 'FMul_maxdsp' <Latency = 3> <II = 1> <Delay = 4.34> <FuncUnit> <Opcode : 'fmul'> <InPorts = 2> <OutPorts = 1>
ST_9 : Operation 130 [1/4] (7.14ns)   --->   "%conv268_1 = uitofp i32 %zext_ln167_1" [filter_kernel.cpp:167]   --->   Operation 130 'uitofp' 'conv268_1' <Predicate = true> <Delay = 7.14> <CoreInst = "Int2Float">   --->   Core 62 'Int2Float' <Latency = 3> <II = 1> <Delay = 7.14> <FuncUnit> <Opcode : 'uitofp' 'sitofp'> <InPorts = 1> <OutPorts = 1>

State 10 <SV = 9> <Delay = 7.28>
ST_10 : Operation 131 [4/4] (7.28ns)   --->   "%sum = fadd i32 %mul, i32 0" [filter_kernel.cpp:167]   --->   Operation 131 'fadd' 'sum' <Predicate = true> <Delay = 7.28> <CoreInst = "FAddSub_fulldsp">   --->   Core 18 'FAddSub_fulldsp' <Latency = 3> <II = 1> <Delay = 7.28> <FuncUnit> <Opcode : 'fadd' 'fsub'> <InPorts = 2> <OutPorts = 1>
ST_10 : Operation 132 [4/4] (4.34ns)   --->   "%mul273_1 = fmul i32 %conv268_1, i32 %mux_case_032243_reload_read" [filter_kernel.cpp:167]   --->   Operation 132 'fmul' 'mul273_1' <Predicate = true> <Delay = 4.34> <CoreInst = "FMul_maxdsp">   --->   Core 30 'FMul_maxdsp' <Latency = 3> <II = 1> <Delay = 4.34> <FuncUnit> <Opcode : 'fmul'> <InPorts = 2> <OutPorts = 1>
ST_10 : Operation 133 [1/1] (0.00ns)   --->   "%zext_ln167_2 = zext i8 %tmp_6" [filter_kernel.cpp:167]   --->   Operation 133 'zext' 'zext_ln167_2' <Predicate = true> <Delay = 0.00>
ST_10 : Operation 134 [4/4] (7.14ns)   --->   "%conv268_2 = uitofp i32 %zext_ln167_2" [filter_kernel.cpp:167]   --->   Operation 134 'uitofp' 'conv268_2' <Predicate = true> <Delay = 7.14> <CoreInst = "Int2Float">   --->   Core 62 'Int2Float' <Latency = 3> <II = 1> <Delay = 7.14> <FuncUnit> <Opcode : 'uitofp' 'sitofp'> <InPorts = 1> <OutPorts = 1>

State 11 <SV = 10> <Delay = 7.28>
ST_11 : Operation 135 [3/4] (7.28ns)   --->   "%sum = fadd i32 %mul, i32 0" [filter_kernel.cpp:167]   --->   Operation 135 'fadd' 'sum' <Predicate = true> <Delay = 7.28> <CoreInst = "FAddSub_fulldsp">   --->   Core 18 'FAddSub_fulldsp' <Latency = 3> <II = 1> <Delay = 7.28> <FuncUnit> <Opcode : 'fadd' 'fsub'> <InPorts = 2> <OutPorts = 1>
ST_11 : Operation 136 [3/4] (4.34ns)   --->   "%mul273_1 = fmul i32 %conv268_1, i32 %mux_case_032243_reload_read" [filter_kernel.cpp:167]   --->   Operation 136 'fmul' 'mul273_1' <Predicate = true> <Delay = 4.34> <CoreInst = "FMul_maxdsp">   --->   Core 30 'FMul_maxdsp' <Latency = 3> <II = 1> <Delay = 4.34> <FuncUnit> <Opcode : 'fmul'> <InPorts = 2> <OutPorts = 1>
ST_11 : Operation 137 [3/4] (7.14ns)   --->   "%conv268_2 = uitofp i32 %zext_ln167_2" [filter_kernel.cpp:167]   --->   Operation 137 'uitofp' 'conv268_2' <Predicate = true> <Delay = 7.14> <CoreInst = "Int2Float">   --->   Core 62 'Int2Float' <Latency = 3> <II = 1> <Delay = 7.14> <FuncUnit> <Opcode : 'uitofp' 'sitofp'> <InPorts = 1> <OutPorts = 1>

State 12 <SV = 11> <Delay = 7.28>
ST_12 : Operation 138 [2/4] (7.28ns)   --->   "%sum = fadd i32 %mul, i32 0" [filter_kernel.cpp:167]   --->   Operation 138 'fadd' 'sum' <Predicate = true> <Delay = 7.28> <CoreInst = "FAddSub_fulldsp">   --->   Core 18 'FAddSub_fulldsp' <Latency = 3> <II = 1> <Delay = 7.28> <FuncUnit> <Opcode : 'fadd' 'fsub'> <InPorts = 2> <OutPorts = 1>
ST_12 : Operation 139 [2/4] (4.34ns)   --->   "%mul273_1 = fmul i32 %conv268_1, i32 %mux_case_032243_reload_read" [filter_kernel.cpp:167]   --->   Operation 139 'fmul' 'mul273_1' <Predicate = true> <Delay = 4.34> <CoreInst = "FMul_maxdsp">   --->   Core 30 'FMul_maxdsp' <Latency = 3> <II = 1> <Delay = 4.34> <FuncUnit> <Opcode : 'fmul'> <InPorts = 2> <OutPorts = 1>
ST_12 : Operation 140 [2/4] (7.14ns)   --->   "%conv268_2 = uitofp i32 %zext_ln167_2" [filter_kernel.cpp:167]   --->   Operation 140 'uitofp' 'conv268_2' <Predicate = true> <Delay = 7.14> <CoreInst = "Int2Float">   --->   Core 62 'Int2Float' <Latency = 3> <II = 1> <Delay = 7.14> <FuncUnit> <Opcode : 'uitofp' 'sitofp'> <InPorts = 1> <OutPorts = 1>

State 13 <SV = 12> <Delay = 7.28>
ST_13 : Operation 141 [1/1] (1.14ns)   --->   "%tmp_1 = sparsemux i8 @_ssdm_op_SparseMux.ap_auto.3i8.i8.i2, i2 0, i8 %window_9_load_read, i2 1, i8 %window_10_load_read, i2 2, i8 %window_11_load_read, i8 0, i2 %k" [filter_kernel.cpp:167]   --->   Operation 141 'sparsemux' 'tmp_1' <Predicate = true> <Delay = 1.14> <CoreInst = "OneHotSparseMux_HasDef">   --->   Core 140 'OneHotSparseMux_HasDef' <Latency = 0> <II = 1> <Delay = 1.14> <FuncUnit> <Opcode : 'sparsemux'> <InPorts = 2> <OutPorts = 1>
ST_13 : Operation 142 [1/4] (7.28ns)   --->   "%sum = fadd i32 %mul, i32 0" [filter_kernel.cpp:167]   --->   Operation 142 'fadd' 'sum' <Predicate = true> <Delay = 7.28> <CoreInst = "FAddSub_fulldsp">   --->   Core 18 'FAddSub_fulldsp' <Latency = 3> <II = 1> <Delay = 7.28> <FuncUnit> <Opcode : 'fadd' 'fsub'> <InPorts = 2> <OutPorts = 1>
ST_13 : Operation 143 [1/4] (4.34ns)   --->   "%mul273_1 = fmul i32 %conv268_1, i32 %mux_case_032243_reload_read" [filter_kernel.cpp:167]   --->   Operation 143 'fmul' 'mul273_1' <Predicate = true> <Delay = 4.34> <CoreInst = "FMul_maxdsp">   --->   Core 30 'FMul_maxdsp' <Latency = 3> <II = 1> <Delay = 4.34> <FuncUnit> <Opcode : 'fmul'> <InPorts = 2> <OutPorts = 1>
ST_13 : Operation 144 [1/4] (7.14ns)   --->   "%conv268_2 = uitofp i32 %zext_ln167_2" [filter_kernel.cpp:167]   --->   Operation 144 'uitofp' 'conv268_2' <Predicate = true> <Delay = 7.14> <CoreInst = "Int2Float">   --->   Core 62 'Int2Float' <Latency = 3> <II = 1> <Delay = 7.14> <FuncUnit> <Opcode : 'uitofp' 'sitofp'> <InPorts = 1> <OutPorts = 1>

State 14 <SV = 13> <Delay = 7.28>
ST_14 : Operation 145 [4/4] (7.28ns)   --->   "%sum_1 = fadd i32 %sum, i32 %mul273_1" [filter_kernel.cpp:167]   --->   Operation 145 'fadd' 'sum_1' <Predicate = true> <Delay = 7.28> <CoreInst = "FAddSub_fulldsp">   --->   Core 18 'FAddSub_fulldsp' <Latency = 3> <II = 1> <Delay = 7.28> <FuncUnit> <Opcode : 'fadd' 'fsub'> <InPorts = 2> <OutPorts = 1>
ST_14 : Operation 146 [4/4] (4.34ns)   --->   "%mul273_2 = fmul i32 %conv268_2, i32 %mux_case_097270_reload_read" [filter_kernel.cpp:167]   --->   Operation 146 'fmul' 'mul273_2' <Predicate = true> <Delay = 4.34> <CoreInst = "FMul_maxdsp">   --->   Core 30 'FMul_maxdsp' <Latency = 3> <II = 1> <Delay = 4.34> <FuncUnit> <Opcode : 'fmul'> <InPorts = 2> <OutPorts = 1>
ST_14 : Operation 147 [1/1] (0.00ns)   --->   "%zext_ln167_3 = zext i8 %tmp_1" [filter_kernel.cpp:167]   --->   Operation 147 'zext' 'zext_ln167_3' <Predicate = true> <Delay = 0.00>
ST_14 : Operation 148 [4/4] (7.14ns)   --->   "%conv268_s = uitofp i32 %zext_ln167_3" [filter_kernel.cpp:167]   --->   Operation 148 'uitofp' 'conv268_s' <Predicate = true> <Delay = 7.14> <CoreInst = "Int2Float">   --->   Core 62 'Int2Float' <Latency = 3> <II = 1> <Delay = 7.14> <FuncUnit> <Opcode : 'uitofp' 'sitofp'> <InPorts = 1> <OutPorts = 1>

State 15 <SV = 14> <Delay = 7.28>
ST_15 : Operation 149 [3/4] (7.28ns)   --->   "%sum_1 = fadd i32 %sum, i32 %mul273_1" [filter_kernel.cpp:167]   --->   Operation 149 'fadd' 'sum_1' <Predicate = true> <Delay = 7.28> <CoreInst = "FAddSub_fulldsp">   --->   Core 18 'FAddSub_fulldsp' <Latency = 3> <II = 1> <Delay = 7.28> <FuncUnit> <Opcode : 'fadd' 'fsub'> <InPorts = 2> <OutPorts = 1>
ST_15 : Operation 150 [3/4] (4.34ns)   --->   "%mul273_2 = fmul i32 %conv268_2, i32 %mux_case_097270_reload_read" [filter_kernel.cpp:167]   --->   Operation 150 'fmul' 'mul273_2' <Predicate = true> <Delay = 4.34> <CoreInst = "FMul_maxdsp">   --->   Core 30 'FMul_maxdsp' <Latency = 3> <II = 1> <Delay = 4.34> <FuncUnit> <Opcode : 'fmul'> <InPorts = 2> <OutPorts = 1>
ST_15 : Operation 151 [3/4] (7.14ns)   --->   "%conv268_s = uitofp i32 %zext_ln167_3" [filter_kernel.cpp:167]   --->   Operation 151 'uitofp' 'conv268_s' <Predicate = true> <Delay = 7.14> <CoreInst = "Int2Float">   --->   Core 62 'Int2Float' <Latency = 3> <II = 1> <Delay = 7.14> <FuncUnit> <Opcode : 'uitofp' 'sitofp'> <InPorts = 1> <OutPorts = 1>

State 16 <SV = 15> <Delay = 7.28>
ST_16 : Operation 152 [2/4] (7.28ns)   --->   "%sum_1 = fadd i32 %sum, i32 %mul273_1" [filter_kernel.cpp:167]   --->   Operation 152 'fadd' 'sum_1' <Predicate = true> <Delay = 7.28> <CoreInst = "FAddSub_fulldsp">   --->   Core 18 'FAddSub_fulldsp' <Latency = 3> <II = 1> <Delay = 7.28> <FuncUnit> <Opcode : 'fadd' 'fsub'> <InPorts = 2> <OutPorts = 1>
ST_16 : Operation 153 [2/4] (4.34ns)   --->   "%mul273_2 = fmul i32 %conv268_2, i32 %mux_case_097270_reload_read" [filter_kernel.cpp:167]   --->   Operation 153 'fmul' 'mul273_2' <Predicate = true> <Delay = 4.34> <CoreInst = "FMul_maxdsp">   --->   Core 30 'FMul_maxdsp' <Latency = 3> <II = 1> <Delay = 4.34> <FuncUnit> <Opcode : 'fmul'> <InPorts = 2> <OutPorts = 1>
ST_16 : Operation 154 [2/4] (7.14ns)   --->   "%conv268_s = uitofp i32 %zext_ln167_3" [filter_kernel.cpp:167]   --->   Operation 154 'uitofp' 'conv268_s' <Predicate = true> <Delay = 7.14> <CoreInst = "Int2Float">   --->   Core 62 'Int2Float' <Latency = 3> <II = 1> <Delay = 7.14> <FuncUnit> <Opcode : 'uitofp' 'sitofp'> <InPorts = 1> <OutPorts = 1>

State 17 <SV = 16> <Delay = 7.28>
ST_17 : Operation 155 [1/1] (1.14ns)   --->   "%tmp_4 = sparsemux i8 @_ssdm_op_SparseMux.ap_auto.3i8.i8.i2, i2 0, i8 %window_12_load_2_read, i2 1, i8 %window_13_load_2_read, i2 2, i8 %window_14_load_2_read, i8 0, i2 %k" [filter_kernel.cpp:167]   --->   Operation 155 'sparsemux' 'tmp_4' <Predicate = true> <Delay = 1.14> <CoreInst = "OneHotSparseMux_HasDef">   --->   Core 140 'OneHotSparseMux_HasDef' <Latency = 0> <II = 1> <Delay = 1.14> <FuncUnit> <Opcode : 'sparsemux'> <InPorts = 2> <OutPorts = 1>
ST_17 : Operation 156 [1/4] (7.28ns)   --->   "%sum_1 = fadd i32 %sum, i32 %mul273_1" [filter_kernel.cpp:167]   --->   Operation 156 'fadd' 'sum_1' <Predicate = true> <Delay = 7.28> <CoreInst = "FAddSub_fulldsp">   --->   Core 18 'FAddSub_fulldsp' <Latency = 3> <II = 1> <Delay = 7.28> <FuncUnit> <Opcode : 'fadd' 'fsub'> <InPorts = 2> <OutPorts = 1>
ST_17 : Operation 157 [1/4] (4.34ns)   --->   "%mul273_2 = fmul i32 %conv268_2, i32 %mux_case_097270_reload_read" [filter_kernel.cpp:167]   --->   Operation 157 'fmul' 'mul273_2' <Predicate = true> <Delay = 4.34> <CoreInst = "FMul_maxdsp">   --->   Core 30 'FMul_maxdsp' <Latency = 3> <II = 1> <Delay = 4.34> <FuncUnit> <Opcode : 'fmul'> <InPorts = 2> <OutPorts = 1>
ST_17 : Operation 158 [1/4] (7.14ns)   --->   "%conv268_s = uitofp i32 %zext_ln167_3" [filter_kernel.cpp:167]   --->   Operation 158 'uitofp' 'conv268_s' <Predicate = true> <Delay = 7.14> <CoreInst = "Int2Float">   --->   Core 62 'Int2Float' <Latency = 3> <II = 1> <Delay = 7.14> <FuncUnit> <Opcode : 'uitofp' 'sitofp'> <InPorts = 1> <OutPorts = 1>

State 18 <SV = 17> <Delay = 7.28>
ST_18 : Operation 159 [4/4] (7.28ns)   --->   "%sum_2 = fadd i32 %sum_1, i32 %mul273_2" [filter_kernel.cpp:167]   --->   Operation 159 'fadd' 'sum_2' <Predicate = true> <Delay = 7.28> <CoreInst = "FAddSub_fulldsp">   --->   Core 18 'FAddSub_fulldsp' <Latency = 3> <II = 1> <Delay = 7.28> <FuncUnit> <Opcode : 'fadd' 'fsub'> <InPorts = 2> <OutPorts = 1>
ST_18 : Operation 160 [4/4] (4.34ns)   --->   "%mul273_s = fmul i32 %conv268_s, i32 %mux_case_116225_reload_read" [filter_kernel.cpp:167]   --->   Operation 160 'fmul' 'mul273_s' <Predicate = true> <Delay = 4.34> <CoreInst = "FMul_maxdsp">   --->   Core 30 'FMul_maxdsp' <Latency = 3> <II = 1> <Delay = 4.34> <FuncUnit> <Opcode : 'fmul'> <InPorts = 2> <OutPorts = 1>
ST_18 : Operation 161 [1/1] (0.00ns)   --->   "%zext_ln167_4 = zext i8 %tmp_4" [filter_kernel.cpp:167]   --->   Operation 161 'zext' 'zext_ln167_4' <Predicate = true> <Delay = 0.00>
ST_18 : Operation 162 [4/4] (7.14ns)   --->   "%conv268_1_1 = uitofp i32 %zext_ln167_4" [filter_kernel.cpp:167]   --->   Operation 162 'uitofp' 'conv268_1_1' <Predicate = true> <Delay = 7.14> <CoreInst = "Int2Float">   --->   Core 62 'Int2Float' <Latency = 3> <II = 1> <Delay = 7.14> <FuncUnit> <Opcode : 'uitofp' 'sitofp'> <InPorts = 1> <OutPorts = 1>

State 19 <SV = 18> <Delay = 7.28>
ST_19 : Operation 163 [3/4] (7.28ns)   --->   "%sum_2 = fadd i32 %sum_1, i32 %mul273_2" [filter_kernel.cpp:167]   --->   Operation 163 'fadd' 'sum_2' <Predicate = true> <Delay = 7.28> <CoreInst = "FAddSub_fulldsp">   --->   Core 18 'FAddSub_fulldsp' <Latency = 3> <II = 1> <Delay = 7.28> <FuncUnit> <Opcode : 'fadd' 'fsub'> <InPorts = 2> <OutPorts = 1>
ST_19 : Operation 164 [3/4] (4.34ns)   --->   "%mul273_s = fmul i32 %conv268_s, i32 %mux_case_116225_reload_read" [filter_kernel.cpp:167]   --->   Operation 164 'fmul' 'mul273_s' <Predicate = true> <Delay = 4.34> <CoreInst = "FMul_maxdsp">   --->   Core 30 'FMul_maxdsp' <Latency = 3> <II = 1> <Delay = 4.34> <FuncUnit> <Opcode : 'fmul'> <InPorts = 2> <OutPorts = 1>
ST_19 : Operation 165 [3/4] (7.14ns)   --->   "%conv268_1_1 = uitofp i32 %zext_ln167_4" [filter_kernel.cpp:167]   --->   Operation 165 'uitofp' 'conv268_1_1' <Predicate = true> <Delay = 7.14> <CoreInst = "Int2Float">   --->   Core 62 'Int2Float' <Latency = 3> <II = 1> <Delay = 7.14> <FuncUnit> <Opcode : 'uitofp' 'sitofp'> <InPorts = 1> <OutPorts = 1>

State 20 <SV = 19> <Delay = 7.28>
ST_20 : Operation 166 [2/4] (7.28ns)   --->   "%sum_2 = fadd i32 %sum_1, i32 %mul273_2" [filter_kernel.cpp:167]   --->   Operation 166 'fadd' 'sum_2' <Predicate = true> <Delay = 7.28> <CoreInst = "FAddSub_fulldsp">   --->   Core 18 'FAddSub_fulldsp' <Latency = 3> <II = 1> <Delay = 7.28> <FuncUnit> <Opcode : 'fadd' 'fsub'> <InPorts = 2> <OutPorts = 1>
ST_20 : Operation 167 [2/4] (4.34ns)   --->   "%mul273_s = fmul i32 %conv268_s, i32 %mux_case_116225_reload_read" [filter_kernel.cpp:167]   --->   Operation 167 'fmul' 'mul273_s' <Predicate = true> <Delay = 4.34> <CoreInst = "FMul_maxdsp">   --->   Core 30 'FMul_maxdsp' <Latency = 3> <II = 1> <Delay = 4.34> <FuncUnit> <Opcode : 'fmul'> <InPorts = 2> <OutPorts = 1>
ST_20 : Operation 168 [2/4] (7.14ns)   --->   "%conv268_1_1 = uitofp i32 %zext_ln167_4" [filter_kernel.cpp:167]   --->   Operation 168 'uitofp' 'conv268_1_1' <Predicate = true> <Delay = 7.14> <CoreInst = "Int2Float">   --->   Core 62 'Int2Float' <Latency = 3> <II = 1> <Delay = 7.14> <FuncUnit> <Opcode : 'uitofp' 'sitofp'> <InPorts = 1> <OutPorts = 1>

State 21 <SV = 20> <Delay = 7.28>
ST_21 : Operation 169 [1/1] (1.14ns)   --->   "%tmp_7 = sparsemux i8 @_ssdm_op_SparseMux.ap_auto.3i8.i8.i2, i2 0, i8 %window_15_load_1_read, i2 1, i8 %window_16_load_1_read, i2 2, i8 %window_17_load_1_read, i8 0, i2 %k" [filter_kernel.cpp:167]   --->   Operation 169 'sparsemux' 'tmp_7' <Predicate = true> <Delay = 1.14> <CoreInst = "OneHotSparseMux_HasDef">   --->   Core 140 'OneHotSparseMux_HasDef' <Latency = 0> <II = 1> <Delay = 1.14> <FuncUnit> <Opcode : 'sparsemux'> <InPorts = 2> <OutPorts = 1>
ST_21 : Operation 170 [1/4] (7.28ns)   --->   "%sum_2 = fadd i32 %sum_1, i32 %mul273_2" [filter_kernel.cpp:167]   --->   Operation 170 'fadd' 'sum_2' <Predicate = true> <Delay = 7.28> <CoreInst = "FAddSub_fulldsp">   --->   Core 18 'FAddSub_fulldsp' <Latency = 3> <II = 1> <Delay = 7.28> <FuncUnit> <Opcode : 'fadd' 'fsub'> <InPorts = 2> <OutPorts = 1>
ST_21 : Operation 171 [1/4] (4.34ns)   --->   "%mul273_s = fmul i32 %conv268_s, i32 %mux_case_116225_reload_read" [filter_kernel.cpp:167]   --->   Operation 171 'fmul' 'mul273_s' <Predicate = true> <Delay = 4.34> <CoreInst = "FMul_maxdsp">   --->   Core 30 'FMul_maxdsp' <Latency = 3> <II = 1> <Delay = 4.34> <FuncUnit> <Opcode : 'fmul'> <InPorts = 2> <OutPorts = 1>
ST_21 : Operation 172 [1/4] (7.14ns)   --->   "%conv268_1_1 = uitofp i32 %zext_ln167_4" [filter_kernel.cpp:167]   --->   Operation 172 'uitofp' 'conv268_1_1' <Predicate = true> <Delay = 7.14> <CoreInst = "Int2Float">   --->   Core 62 'Int2Float' <Latency = 3> <II = 1> <Delay = 7.14> <FuncUnit> <Opcode : 'uitofp' 'sitofp'> <InPorts = 1> <OutPorts = 1>

State 22 <SV = 21> <Delay = 7.28>
ST_22 : Operation 173 [4/4] (7.28ns)   --->   "%sum_3 = fadd i32 %sum_2, i32 %mul273_s" [filter_kernel.cpp:167]   --->   Operation 173 'fadd' 'sum_3' <Predicate = true> <Delay = 7.28> <CoreInst = "FAddSub_fulldsp">   --->   Core 18 'FAddSub_fulldsp' <Latency = 3> <II = 1> <Delay = 7.28> <FuncUnit> <Opcode : 'fadd' 'fsub'> <InPorts = 2> <OutPorts = 1>
ST_22 : Operation 174 [4/4] (4.34ns)   --->   "%mul273_1_1 = fmul i32 %conv268_1_1, i32 %mux_case_134252_reload_read" [filter_kernel.cpp:167]   --->   Operation 174 'fmul' 'mul273_1_1' <Predicate = true> <Delay = 4.34> <CoreInst = "FMul_maxdsp">   --->   Core 30 'FMul_maxdsp' <Latency = 3> <II = 1> <Delay = 4.34> <FuncUnit> <Opcode : 'fmul'> <InPorts = 2> <OutPorts = 1>
ST_22 : Operation 175 [1/1] (0.00ns)   --->   "%zext_ln167_5 = zext i8 %tmp_7" [filter_kernel.cpp:167]   --->   Operation 175 'zext' 'zext_ln167_5' <Predicate = true> <Delay = 0.00>
ST_22 : Operation 176 [4/4] (7.14ns)   --->   "%conv268_2_1 = uitofp i32 %zext_ln167_5" [filter_kernel.cpp:167]   --->   Operation 176 'uitofp' 'conv268_2_1' <Predicate = true> <Delay = 7.14> <CoreInst = "Int2Float">   --->   Core 62 'Int2Float' <Latency = 3> <II = 1> <Delay = 7.14> <FuncUnit> <Opcode : 'uitofp' 'sitofp'> <InPorts = 1> <OutPorts = 1>

State 23 <SV = 22> <Delay = 7.28>
ST_23 : Operation 177 [3/4] (7.28ns)   --->   "%sum_3 = fadd i32 %sum_2, i32 %mul273_s" [filter_kernel.cpp:167]   --->   Operation 177 'fadd' 'sum_3' <Predicate = true> <Delay = 7.28> <CoreInst = "FAddSub_fulldsp">   --->   Core 18 'FAddSub_fulldsp' <Latency = 3> <II = 1> <Delay = 7.28> <FuncUnit> <Opcode : 'fadd' 'fsub'> <InPorts = 2> <OutPorts = 1>
ST_23 : Operation 178 [3/4] (4.34ns)   --->   "%mul273_1_1 = fmul i32 %conv268_1_1, i32 %mux_case_134252_reload_read" [filter_kernel.cpp:167]   --->   Operation 178 'fmul' 'mul273_1_1' <Predicate = true> <Delay = 4.34> <CoreInst = "FMul_maxdsp">   --->   Core 30 'FMul_maxdsp' <Latency = 3> <II = 1> <Delay = 4.34> <FuncUnit> <Opcode : 'fmul'> <InPorts = 2> <OutPorts = 1>
ST_23 : Operation 179 [3/4] (7.14ns)   --->   "%conv268_2_1 = uitofp i32 %zext_ln167_5" [filter_kernel.cpp:167]   --->   Operation 179 'uitofp' 'conv268_2_1' <Predicate = true> <Delay = 7.14> <CoreInst = "Int2Float">   --->   Core 62 'Int2Float' <Latency = 3> <II = 1> <Delay = 7.14> <FuncUnit> <Opcode : 'uitofp' 'sitofp'> <InPorts = 1> <OutPorts = 1>

State 24 <SV = 23> <Delay = 7.28>
ST_24 : Operation 180 [2/4] (7.28ns)   --->   "%sum_3 = fadd i32 %sum_2, i32 %mul273_s" [filter_kernel.cpp:167]   --->   Operation 180 'fadd' 'sum_3' <Predicate = true> <Delay = 7.28> <CoreInst = "FAddSub_fulldsp">   --->   Core 18 'FAddSub_fulldsp' <Latency = 3> <II = 1> <Delay = 7.28> <FuncUnit> <Opcode : 'fadd' 'fsub'> <InPorts = 2> <OutPorts = 1>
ST_24 : Operation 181 [2/4] (4.34ns)   --->   "%mul273_1_1 = fmul i32 %conv268_1_1, i32 %mux_case_134252_reload_read" [filter_kernel.cpp:167]   --->   Operation 181 'fmul' 'mul273_1_1' <Predicate = true> <Delay = 4.34> <CoreInst = "FMul_maxdsp">   --->   Core 30 'FMul_maxdsp' <Latency = 3> <II = 1> <Delay = 4.34> <FuncUnit> <Opcode : 'fmul'> <InPorts = 2> <OutPorts = 1>
ST_24 : Operation 182 [2/4] (7.14ns)   --->   "%conv268_2_1 = uitofp i32 %zext_ln167_5" [filter_kernel.cpp:167]   --->   Operation 182 'uitofp' 'conv268_2_1' <Predicate = true> <Delay = 7.14> <CoreInst = "Int2Float">   --->   Core 62 'Int2Float' <Latency = 3> <II = 1> <Delay = 7.14> <FuncUnit> <Opcode : 'uitofp' 'sitofp'> <InPorts = 1> <OutPorts = 1>

State 25 <SV = 24> <Delay = 7.28>
ST_25 : Operation 183 [1/1] (1.14ns)   --->   "%tmp_2 = sparsemux i8 @_ssdm_op_SparseMux.ap_auto.3i8.i8.i2, i2 0, i8 %window_18_load_read, i2 1, i8 %window_19_load_read, i2 2, i8 %window_20_load_read, i8 0, i2 %k" [filter_kernel.cpp:167]   --->   Operation 183 'sparsemux' 'tmp_2' <Predicate = true> <Delay = 1.14> <CoreInst = "OneHotSparseMux_HasDef">   --->   Core 140 'OneHotSparseMux_HasDef' <Latency = 0> <II = 1> <Delay = 1.14> <FuncUnit> <Opcode : 'sparsemux'> <InPorts = 2> <OutPorts = 1>
ST_25 : Operation 184 [1/4] (7.28ns)   --->   "%sum_3 = fadd i32 %sum_2, i32 %mul273_s" [filter_kernel.cpp:167]   --->   Operation 184 'fadd' 'sum_3' <Predicate = true> <Delay = 7.28> <CoreInst = "FAddSub_fulldsp">   --->   Core 18 'FAddSub_fulldsp' <Latency = 3> <II = 1> <Delay = 7.28> <FuncUnit> <Opcode : 'fadd' 'fsub'> <InPorts = 2> <OutPorts = 1>
ST_25 : Operation 185 [1/4] (4.34ns)   --->   "%mul273_1_1 = fmul i32 %conv268_1_1, i32 %mux_case_134252_reload_read" [filter_kernel.cpp:167]   --->   Operation 185 'fmul' 'mul273_1_1' <Predicate = true> <Delay = 4.34> <CoreInst = "FMul_maxdsp">   --->   Core 30 'FMul_maxdsp' <Latency = 3> <II = 1> <Delay = 4.34> <FuncUnit> <Opcode : 'fmul'> <InPorts = 2> <OutPorts = 1>
ST_25 : Operation 186 [1/4] (7.14ns)   --->   "%conv268_2_1 = uitofp i32 %zext_ln167_5" [filter_kernel.cpp:167]   --->   Operation 186 'uitofp' 'conv268_2_1' <Predicate = true> <Delay = 7.14> <CoreInst = "Int2Float">   --->   Core 62 'Int2Float' <Latency = 3> <II = 1> <Delay = 7.14> <FuncUnit> <Opcode : 'uitofp' 'sitofp'> <InPorts = 1> <OutPorts = 1>

State 26 <SV = 25> <Delay = 7.28>
ST_26 : Operation 187 [4/4] (7.28ns)   --->   "%sum_4 = fadd i32 %sum_3, i32 %mul273_1_1" [filter_kernel.cpp:167]   --->   Operation 187 'fadd' 'sum_4' <Predicate = true> <Delay = 7.28> <CoreInst = "FAddSub_fulldsp">   --->   Core 18 'FAddSub_fulldsp' <Latency = 3> <II = 1> <Delay = 7.28> <FuncUnit> <Opcode : 'fadd' 'fsub'> <InPorts = 2> <OutPorts = 1>
ST_26 : Operation 188 [4/4] (4.34ns)   --->   "%mul273_2_1 = fmul i32 %conv268_2_1, i32 %mux_case_199279_reload_read" [filter_kernel.cpp:167]   --->   Operation 188 'fmul' 'mul273_2_1' <Predicate = true> <Delay = 4.34> <CoreInst = "FMul_maxdsp">   --->   Core 30 'FMul_maxdsp' <Latency = 3> <II = 1> <Delay = 4.34> <FuncUnit> <Opcode : 'fmul'> <InPorts = 2> <OutPorts = 1>
ST_26 : Operation 189 [1/1] (0.00ns)   --->   "%zext_ln167_6 = zext i8 %tmp_2" [filter_kernel.cpp:167]   --->   Operation 189 'zext' 'zext_ln167_6' <Predicate = true> <Delay = 0.00>
ST_26 : Operation 190 [4/4] (7.14ns)   --->   "%conv268_3 = uitofp i32 %zext_ln167_6" [filter_kernel.cpp:167]   --->   Operation 190 'uitofp' 'conv268_3' <Predicate = true> <Delay = 7.14> <CoreInst = "Int2Float">   --->   Core 62 'Int2Float' <Latency = 3> <II = 1> <Delay = 7.14> <FuncUnit> <Opcode : 'uitofp' 'sitofp'> <InPorts = 1> <OutPorts = 1>

State 27 <SV = 26> <Delay = 7.28>
ST_27 : Operation 191 [3/4] (7.28ns)   --->   "%sum_4 = fadd i32 %sum_3, i32 %mul273_1_1" [filter_kernel.cpp:167]   --->   Operation 191 'fadd' 'sum_4' <Predicate = true> <Delay = 7.28> <CoreInst = "FAddSub_fulldsp">   --->   Core 18 'FAddSub_fulldsp' <Latency = 3> <II = 1> <Delay = 7.28> <FuncUnit> <Opcode : 'fadd' 'fsub'> <InPorts = 2> <OutPorts = 1>
ST_27 : Operation 192 [3/4] (4.34ns)   --->   "%mul273_2_1 = fmul i32 %conv268_2_1, i32 %mux_case_199279_reload_read" [filter_kernel.cpp:167]   --->   Operation 192 'fmul' 'mul273_2_1' <Predicate = true> <Delay = 4.34> <CoreInst = "FMul_maxdsp">   --->   Core 30 'FMul_maxdsp' <Latency = 3> <II = 1> <Delay = 4.34> <FuncUnit> <Opcode : 'fmul'> <InPorts = 2> <OutPorts = 1>
ST_27 : Operation 193 [3/4] (7.14ns)   --->   "%conv268_3 = uitofp i32 %zext_ln167_6" [filter_kernel.cpp:167]   --->   Operation 193 'uitofp' 'conv268_3' <Predicate = true> <Delay = 7.14> <CoreInst = "Int2Float">   --->   Core 62 'Int2Float' <Latency = 3> <II = 1> <Delay = 7.14> <FuncUnit> <Opcode : 'uitofp' 'sitofp'> <InPorts = 1> <OutPorts = 1>

State 28 <SV = 27> <Delay = 7.28>
ST_28 : Operation 194 [2/4] (7.28ns)   --->   "%sum_4 = fadd i32 %sum_3, i32 %mul273_1_1" [filter_kernel.cpp:167]   --->   Operation 194 'fadd' 'sum_4' <Predicate = true> <Delay = 7.28> <CoreInst = "FAddSub_fulldsp">   --->   Core 18 'FAddSub_fulldsp' <Latency = 3> <II = 1> <Delay = 7.28> <FuncUnit> <Opcode : 'fadd' 'fsub'> <InPorts = 2> <OutPorts = 1>
ST_28 : Operation 195 [2/4] (4.34ns)   --->   "%mul273_2_1 = fmul i32 %conv268_2_1, i32 %mux_case_199279_reload_read" [filter_kernel.cpp:167]   --->   Operation 195 'fmul' 'mul273_2_1' <Predicate = true> <Delay = 4.34> <CoreInst = "FMul_maxdsp">   --->   Core 30 'FMul_maxdsp' <Latency = 3> <II = 1> <Delay = 4.34> <FuncUnit> <Opcode : 'fmul'> <InPorts = 2> <OutPorts = 1>
ST_28 : Operation 196 [2/4] (7.14ns)   --->   "%conv268_3 = uitofp i32 %zext_ln167_6" [filter_kernel.cpp:167]   --->   Operation 196 'uitofp' 'conv268_3' <Predicate = true> <Delay = 7.14> <CoreInst = "Int2Float">   --->   Core 62 'Int2Float' <Latency = 3> <II = 1> <Delay = 7.14> <FuncUnit> <Opcode : 'uitofp' 'sitofp'> <InPorts = 1> <OutPorts = 1>

State 29 <SV = 28> <Delay = 7.28>
ST_29 : Operation 197 [1/1] (1.14ns)   --->   "%tmp_5 = sparsemux i8 @_ssdm_op_SparseMux.ap_auto.3i8.i8.i2, i2 0, i8 %window_21_load_1_read, i2 1, i8 %window_22_load_1_read, i2 2, i8 %window_23_load_1_read, i8 0, i2 %k" [filter_kernel.cpp:167]   --->   Operation 197 'sparsemux' 'tmp_5' <Predicate = true> <Delay = 1.14> <CoreInst = "OneHotSparseMux_HasDef">   --->   Core 140 'OneHotSparseMux_HasDef' <Latency = 0> <II = 1> <Delay = 1.14> <FuncUnit> <Opcode : 'sparsemux'> <InPorts = 2> <OutPorts = 1>
ST_29 : Operation 198 [1/4] (7.28ns)   --->   "%sum_4 = fadd i32 %sum_3, i32 %mul273_1_1" [filter_kernel.cpp:167]   --->   Operation 198 'fadd' 'sum_4' <Predicate = true> <Delay = 7.28> <CoreInst = "FAddSub_fulldsp">   --->   Core 18 'FAddSub_fulldsp' <Latency = 3> <II = 1> <Delay = 7.28> <FuncUnit> <Opcode : 'fadd' 'fsub'> <InPorts = 2> <OutPorts = 1>
ST_29 : Operation 199 [1/4] (4.34ns)   --->   "%mul273_2_1 = fmul i32 %conv268_2_1, i32 %mux_case_199279_reload_read" [filter_kernel.cpp:167]   --->   Operation 199 'fmul' 'mul273_2_1' <Predicate = true> <Delay = 4.34> <CoreInst = "FMul_maxdsp">   --->   Core 30 'FMul_maxdsp' <Latency = 3> <II = 1> <Delay = 4.34> <FuncUnit> <Opcode : 'fmul'> <InPorts = 2> <OutPorts = 1>
ST_29 : Operation 200 [1/4] (7.14ns)   --->   "%conv268_3 = uitofp i32 %zext_ln167_6" [filter_kernel.cpp:167]   --->   Operation 200 'uitofp' 'conv268_3' <Predicate = true> <Delay = 7.14> <CoreInst = "Int2Float">   --->   Core 62 'Int2Float' <Latency = 3> <II = 1> <Delay = 7.14> <FuncUnit> <Opcode : 'uitofp' 'sitofp'> <InPorts = 1> <OutPorts = 1>

State 30 <SV = 29> <Delay = 7.28>
ST_30 : Operation 201 [4/4] (7.28ns)   --->   "%sum_5 = fadd i32 %sum_4, i32 %mul273_2_1" [filter_kernel.cpp:167]   --->   Operation 201 'fadd' 'sum_5' <Predicate = true> <Delay = 7.28> <CoreInst = "FAddSub_fulldsp">   --->   Core 18 'FAddSub_fulldsp' <Latency = 3> <II = 1> <Delay = 7.28> <FuncUnit> <Opcode : 'fadd' 'fsub'> <InPorts = 2> <OutPorts = 1>
ST_30 : Operation 202 [4/4] (4.34ns)   --->   "%mul273_3 = fmul i32 %conv268_3, i32 %mux_case_218234_reload_read" [filter_kernel.cpp:167]   --->   Operation 202 'fmul' 'mul273_3' <Predicate = true> <Delay = 4.34> <CoreInst = "FMul_maxdsp">   --->   Core 30 'FMul_maxdsp' <Latency = 3> <II = 1> <Delay = 4.34> <FuncUnit> <Opcode : 'fmul'> <InPorts = 2> <OutPorts = 1>
ST_30 : Operation 203 [1/1] (0.00ns)   --->   "%zext_ln167_7 = zext i8 %tmp_5" [filter_kernel.cpp:167]   --->   Operation 203 'zext' 'zext_ln167_7' <Predicate = true> <Delay = 0.00>
ST_30 : Operation 204 [4/4] (7.14ns)   --->   "%conv268_1_2 = uitofp i32 %zext_ln167_7" [filter_kernel.cpp:167]   --->   Operation 204 'uitofp' 'conv268_1_2' <Predicate = true> <Delay = 7.14> <CoreInst = "Int2Float">   --->   Core 62 'Int2Float' <Latency = 3> <II = 1> <Delay = 7.14> <FuncUnit> <Opcode : 'uitofp' 'sitofp'> <InPorts = 1> <OutPorts = 1>

State 31 <SV = 30> <Delay = 7.28>
ST_31 : Operation 205 [3/4] (7.28ns)   --->   "%sum_5 = fadd i32 %sum_4, i32 %mul273_2_1" [filter_kernel.cpp:167]   --->   Operation 205 'fadd' 'sum_5' <Predicate = true> <Delay = 7.28> <CoreInst = "FAddSub_fulldsp">   --->   Core 18 'FAddSub_fulldsp' <Latency = 3> <II = 1> <Delay = 7.28> <FuncUnit> <Opcode : 'fadd' 'fsub'> <InPorts = 2> <OutPorts = 1>
ST_31 : Operation 206 [3/4] (4.34ns)   --->   "%mul273_3 = fmul i32 %conv268_3, i32 %mux_case_218234_reload_read" [filter_kernel.cpp:167]   --->   Operation 206 'fmul' 'mul273_3' <Predicate = true> <Delay = 4.34> <CoreInst = "FMul_maxdsp">   --->   Core 30 'FMul_maxdsp' <Latency = 3> <II = 1> <Delay = 4.34> <FuncUnit> <Opcode : 'fmul'> <InPorts = 2> <OutPorts = 1>
ST_31 : Operation 207 [3/4] (7.14ns)   --->   "%conv268_1_2 = uitofp i32 %zext_ln167_7" [filter_kernel.cpp:167]   --->   Operation 207 'uitofp' 'conv268_1_2' <Predicate = true> <Delay = 7.14> <CoreInst = "Int2Float">   --->   Core 62 'Int2Float' <Latency = 3> <II = 1> <Delay = 7.14> <FuncUnit> <Opcode : 'uitofp' 'sitofp'> <InPorts = 1> <OutPorts = 1>

State 32 <SV = 31> <Delay = 7.28>
ST_32 : Operation 208 [2/4] (7.28ns)   --->   "%sum_5 = fadd i32 %sum_4, i32 %mul273_2_1" [filter_kernel.cpp:167]   --->   Operation 208 'fadd' 'sum_5' <Predicate = true> <Delay = 7.28> <CoreInst = "FAddSub_fulldsp">   --->   Core 18 'FAddSub_fulldsp' <Latency = 3> <II = 1> <Delay = 7.28> <FuncUnit> <Opcode : 'fadd' 'fsub'> <InPorts = 2> <OutPorts = 1>
ST_32 : Operation 209 [2/4] (4.34ns)   --->   "%mul273_3 = fmul i32 %conv268_3, i32 %mux_case_218234_reload_read" [filter_kernel.cpp:167]   --->   Operation 209 'fmul' 'mul273_3' <Predicate = true> <Delay = 4.34> <CoreInst = "FMul_maxdsp">   --->   Core 30 'FMul_maxdsp' <Latency = 3> <II = 1> <Delay = 4.34> <FuncUnit> <Opcode : 'fmul'> <InPorts = 2> <OutPorts = 1>
ST_32 : Operation 210 [2/4] (7.14ns)   --->   "%conv268_1_2 = uitofp i32 %zext_ln167_7" [filter_kernel.cpp:167]   --->   Operation 210 'uitofp' 'conv268_1_2' <Predicate = true> <Delay = 7.14> <CoreInst = "Int2Float">   --->   Core 62 'Int2Float' <Latency = 3> <II = 1> <Delay = 7.14> <FuncUnit> <Opcode : 'uitofp' 'sitofp'> <InPorts = 1> <OutPorts = 1>

State 33 <SV = 32> <Delay = 7.28>
ST_33 : Operation 211 [1/1] (1.14ns)   --->   "%tmp_8 = sparsemux i8 @_ssdm_op_SparseMux.ap_auto.3i8.i8.i2, i2 0, i8 %window_24_load_1_read, i2 1, i8 %window_25_load_1_read, i2 2, i8 %window_26_load_1_read, i8 0, i2 %k" [filter_kernel.cpp:167]   --->   Operation 211 'sparsemux' 'tmp_8' <Predicate = true> <Delay = 1.14> <CoreInst = "OneHotSparseMux_HasDef">   --->   Core 140 'OneHotSparseMux_HasDef' <Latency = 0> <II = 1> <Delay = 1.14> <FuncUnit> <Opcode : 'sparsemux'> <InPorts = 2> <OutPorts = 1>
ST_33 : Operation 212 [1/4] (7.28ns)   --->   "%sum_5 = fadd i32 %sum_4, i32 %mul273_2_1" [filter_kernel.cpp:167]   --->   Operation 212 'fadd' 'sum_5' <Predicate = true> <Delay = 7.28> <CoreInst = "FAddSub_fulldsp">   --->   Core 18 'FAddSub_fulldsp' <Latency = 3> <II = 1> <Delay = 7.28> <FuncUnit> <Opcode : 'fadd' 'fsub'> <InPorts = 2> <OutPorts = 1>
ST_33 : Operation 213 [1/4] (4.34ns)   --->   "%mul273_3 = fmul i32 %conv268_3, i32 %mux_case_218234_reload_read" [filter_kernel.cpp:167]   --->   Operation 213 'fmul' 'mul273_3' <Predicate = true> <Delay = 4.34> <CoreInst = "FMul_maxdsp">   --->   Core 30 'FMul_maxdsp' <Latency = 3> <II = 1> <Delay = 4.34> <FuncUnit> <Opcode : 'fmul'> <InPorts = 2> <OutPorts = 1>
ST_33 : Operation 214 [1/4] (7.14ns)   --->   "%conv268_1_2 = uitofp i32 %zext_ln167_7" [filter_kernel.cpp:167]   --->   Operation 214 'uitofp' 'conv268_1_2' <Predicate = true> <Delay = 7.14> <CoreInst = "Int2Float">   --->   Core 62 'Int2Float' <Latency = 3> <II = 1> <Delay = 7.14> <FuncUnit> <Opcode : 'uitofp' 'sitofp'> <InPorts = 1> <OutPorts = 1>

State 34 <SV = 33> <Delay = 7.28>
ST_34 : Operation 215 [4/4] (7.28ns)   --->   "%sum_6 = fadd i32 %sum_5, i32 %mul273_3" [filter_kernel.cpp:167]   --->   Operation 215 'fadd' 'sum_6' <Predicate = true> <Delay = 7.28> <CoreInst = "FAddSub_fulldsp">   --->   Core 18 'FAddSub_fulldsp' <Latency = 3> <II = 1> <Delay = 7.28> <FuncUnit> <Opcode : 'fadd' 'fsub'> <InPorts = 2> <OutPorts = 1>
ST_34 : Operation 216 [4/4] (4.34ns)   --->   "%mul273_1_2 = fmul i32 %conv268_1_2, i32 %mux_case_236261_reload_read" [filter_kernel.cpp:167]   --->   Operation 216 'fmul' 'mul273_1_2' <Predicate = true> <Delay = 4.34> <CoreInst = "FMul_maxdsp">   --->   Core 30 'FMul_maxdsp' <Latency = 3> <II = 1> <Delay = 4.34> <FuncUnit> <Opcode : 'fmul'> <InPorts = 2> <OutPorts = 1>
ST_34 : Operation 217 [1/1] (0.00ns)   --->   "%zext_ln167_8 = zext i8 %tmp_8" [filter_kernel.cpp:167]   --->   Operation 217 'zext' 'zext_ln167_8' <Predicate = true> <Delay = 0.00>
ST_34 : Operation 218 [4/4] (7.14ns)   --->   "%conv268_2_2 = uitofp i32 %zext_ln167_8" [filter_kernel.cpp:167]   --->   Operation 218 'uitofp' 'conv268_2_2' <Predicate = true> <Delay = 7.14> <CoreInst = "Int2Float">   --->   Core 62 'Int2Float' <Latency = 3> <II = 1> <Delay = 7.14> <FuncUnit> <Opcode : 'uitofp' 'sitofp'> <InPorts = 1> <OutPorts = 1>

State 35 <SV = 34> <Delay = 7.28>
ST_35 : Operation 219 [3/4] (7.28ns)   --->   "%sum_6 = fadd i32 %sum_5, i32 %mul273_3" [filter_kernel.cpp:167]   --->   Operation 219 'fadd' 'sum_6' <Predicate = true> <Delay = 7.28> <CoreInst = "FAddSub_fulldsp">   --->   Core 18 'FAddSub_fulldsp' <Latency = 3> <II = 1> <Delay = 7.28> <FuncUnit> <Opcode : 'fadd' 'fsub'> <InPorts = 2> <OutPorts = 1>
ST_35 : Operation 220 [3/4] (4.34ns)   --->   "%mul273_1_2 = fmul i32 %conv268_1_2, i32 %mux_case_236261_reload_read" [filter_kernel.cpp:167]   --->   Operation 220 'fmul' 'mul273_1_2' <Predicate = true> <Delay = 4.34> <CoreInst = "FMul_maxdsp">   --->   Core 30 'FMul_maxdsp' <Latency = 3> <II = 1> <Delay = 4.34> <FuncUnit> <Opcode : 'fmul'> <InPorts = 2> <OutPorts = 1>
ST_35 : Operation 221 [3/4] (7.14ns)   --->   "%conv268_2_2 = uitofp i32 %zext_ln167_8" [filter_kernel.cpp:167]   --->   Operation 221 'uitofp' 'conv268_2_2' <Predicate = true> <Delay = 7.14> <CoreInst = "Int2Float">   --->   Core 62 'Int2Float' <Latency = 3> <II = 1> <Delay = 7.14> <FuncUnit> <Opcode : 'uitofp' 'sitofp'> <InPorts = 1> <OutPorts = 1>

State 36 <SV = 35> <Delay = 7.28>
ST_36 : Operation 222 [2/4] (7.28ns)   --->   "%sum_6 = fadd i32 %sum_5, i32 %mul273_3" [filter_kernel.cpp:167]   --->   Operation 222 'fadd' 'sum_6' <Predicate = true> <Delay = 7.28> <CoreInst = "FAddSub_fulldsp">   --->   Core 18 'FAddSub_fulldsp' <Latency = 3> <II = 1> <Delay = 7.28> <FuncUnit> <Opcode : 'fadd' 'fsub'> <InPorts = 2> <OutPorts = 1>
ST_36 : Operation 223 [2/4] (4.34ns)   --->   "%mul273_1_2 = fmul i32 %conv268_1_2, i32 %mux_case_236261_reload_read" [filter_kernel.cpp:167]   --->   Operation 223 'fmul' 'mul273_1_2' <Predicate = true> <Delay = 4.34> <CoreInst = "FMul_maxdsp">   --->   Core 30 'FMul_maxdsp' <Latency = 3> <II = 1> <Delay = 4.34> <FuncUnit> <Opcode : 'fmul'> <InPorts = 2> <OutPorts = 1>
ST_36 : Operation 224 [2/4] (7.14ns)   --->   "%conv268_2_2 = uitofp i32 %zext_ln167_8" [filter_kernel.cpp:167]   --->   Operation 224 'uitofp' 'conv268_2_2' <Predicate = true> <Delay = 7.14> <CoreInst = "Int2Float">   --->   Core 62 'Int2Float' <Latency = 3> <II = 1> <Delay = 7.14> <FuncUnit> <Opcode : 'uitofp' 'sitofp'> <InPorts = 1> <OutPorts = 1>

State 37 <SV = 36> <Delay = 7.28>
ST_37 : Operation 225 [1/4] (7.28ns)   --->   "%sum_6 = fadd i32 %sum_5, i32 %mul273_3" [filter_kernel.cpp:167]   --->   Operation 225 'fadd' 'sum_6' <Predicate = true> <Delay = 7.28> <CoreInst = "FAddSub_fulldsp">   --->   Core 18 'FAddSub_fulldsp' <Latency = 3> <II = 1> <Delay = 7.28> <FuncUnit> <Opcode : 'fadd' 'fsub'> <InPorts = 2> <OutPorts = 1>
ST_37 : Operation 226 [1/4] (4.34ns)   --->   "%mul273_1_2 = fmul i32 %conv268_1_2, i32 %mux_case_236261_reload_read" [filter_kernel.cpp:167]   --->   Operation 226 'fmul' 'mul273_1_2' <Predicate = true> <Delay = 4.34> <CoreInst = "FMul_maxdsp">   --->   Core 30 'FMul_maxdsp' <Latency = 3> <II = 1> <Delay = 4.34> <FuncUnit> <Opcode : 'fmul'> <InPorts = 2> <OutPorts = 1>
ST_37 : Operation 227 [1/4] (7.14ns)   --->   "%conv268_2_2 = uitofp i32 %zext_ln167_8" [filter_kernel.cpp:167]   --->   Operation 227 'uitofp' 'conv268_2_2' <Predicate = true> <Delay = 7.14> <CoreInst = "Int2Float">   --->   Core 62 'Int2Float' <Latency = 3> <II = 1> <Delay = 7.14> <FuncUnit> <Opcode : 'uitofp' 'sitofp'> <InPorts = 1> <OutPorts = 1>

State 38 <SV = 37> <Delay = 7.28>
ST_38 : Operation 228 [4/4] (7.28ns)   --->   "%sum_7 = fadd i32 %sum_6, i32 %mul273_1_2" [filter_kernel.cpp:167]   --->   Operation 228 'fadd' 'sum_7' <Predicate = true> <Delay = 7.28> <CoreInst = "FAddSub_fulldsp">   --->   Core 18 'FAddSub_fulldsp' <Latency = 3> <II = 1> <Delay = 7.28> <FuncUnit> <Opcode : 'fadd' 'fsub'> <InPorts = 2> <OutPorts = 1>
ST_38 : Operation 229 [4/4] (4.34ns)   --->   "%mul273_2_2 = fmul i32 %conv268_2_2, i32 %mux_case_2101288_reload_read" [filter_kernel.cpp:167]   --->   Operation 229 'fmul' 'mul273_2_2' <Predicate = true> <Delay = 4.34> <CoreInst = "FMul_maxdsp">   --->   Core 30 'FMul_maxdsp' <Latency = 3> <II = 1> <Delay = 4.34> <FuncUnit> <Opcode : 'fmul'> <InPorts = 2> <OutPorts = 1>

State 39 <SV = 38> <Delay = 7.28>
ST_39 : Operation 230 [3/4] (7.28ns)   --->   "%sum_7 = fadd i32 %sum_6, i32 %mul273_1_2" [filter_kernel.cpp:167]   --->   Operation 230 'fadd' 'sum_7' <Predicate = true> <Delay = 7.28> <CoreInst = "FAddSub_fulldsp">   --->   Core 18 'FAddSub_fulldsp' <Latency = 3> <II = 1> <Delay = 7.28> <FuncUnit> <Opcode : 'fadd' 'fsub'> <InPorts = 2> <OutPorts = 1>
ST_39 : Operation 231 [3/4] (4.34ns)   --->   "%mul273_2_2 = fmul i32 %conv268_2_2, i32 %mux_case_2101288_reload_read" [filter_kernel.cpp:167]   --->   Operation 231 'fmul' 'mul273_2_2' <Predicate = true> <Delay = 4.34> <CoreInst = "FMul_maxdsp">   --->   Core 30 'FMul_maxdsp' <Latency = 3> <II = 1> <Delay = 4.34> <FuncUnit> <Opcode : 'fmul'> <InPorts = 2> <OutPorts = 1>

State 40 <SV = 39> <Delay = 7.28>
ST_40 : Operation 232 [2/4] (7.28ns)   --->   "%sum_7 = fadd i32 %sum_6, i32 %mul273_1_2" [filter_kernel.cpp:167]   --->   Operation 232 'fadd' 'sum_7' <Predicate = true> <Delay = 7.28> <CoreInst = "FAddSub_fulldsp">   --->   Core 18 'FAddSub_fulldsp' <Latency = 3> <II = 1> <Delay = 7.28> <FuncUnit> <Opcode : 'fadd' 'fsub'> <InPorts = 2> <OutPorts = 1>
ST_40 : Operation 233 [2/4] (4.34ns)   --->   "%mul273_2_2 = fmul i32 %conv268_2_2, i32 %mux_case_2101288_reload_read" [filter_kernel.cpp:167]   --->   Operation 233 'fmul' 'mul273_2_2' <Predicate = true> <Delay = 4.34> <CoreInst = "FMul_maxdsp">   --->   Core 30 'FMul_maxdsp' <Latency = 3> <II = 1> <Delay = 4.34> <FuncUnit> <Opcode : 'fmul'> <InPorts = 2> <OutPorts = 1>

State 41 <SV = 40> <Delay = 7.28>
ST_41 : Operation 234 [1/4] (7.28ns)   --->   "%sum_7 = fadd i32 %sum_6, i32 %mul273_1_2" [filter_kernel.cpp:167]   --->   Operation 234 'fadd' 'sum_7' <Predicate = true> <Delay = 7.28> <CoreInst = "FAddSub_fulldsp">   --->   Core 18 'FAddSub_fulldsp' <Latency = 3> <II = 1> <Delay = 7.28> <FuncUnit> <Opcode : 'fadd' 'fsub'> <InPorts = 2> <OutPorts = 1>
ST_41 : Operation 235 [1/4] (4.34ns)   --->   "%mul273_2_2 = fmul i32 %conv268_2_2, i32 %mux_case_2101288_reload_read" [filter_kernel.cpp:167]   --->   Operation 235 'fmul' 'mul273_2_2' <Predicate = true> <Delay = 4.34> <CoreInst = "FMul_maxdsp">   --->   Core 30 'FMul_maxdsp' <Latency = 3> <II = 1> <Delay = 4.34> <FuncUnit> <Opcode : 'fmul'> <InPorts = 2> <OutPorts = 1>

State 42 <SV = 41> <Delay = 7.28>
ST_42 : Operation 236 [4/4] (7.28ns)   --->   "%sum_8 = fadd i32 %sum_7, i32 %mul273_2_2" [filter_kernel.cpp:167]   --->   Operation 236 'fadd' 'sum_8' <Predicate = true> <Delay = 7.28> <CoreInst = "FAddSub_fulldsp">   --->   Core 18 'FAddSub_fulldsp' <Latency = 3> <II = 1> <Delay = 7.28> <FuncUnit> <Opcode : 'fadd' 'fsub'> <InPorts = 2> <OutPorts = 1>

State 43 <SV = 42> <Delay = 7.28>
ST_43 : Operation 237 [3/4] (7.28ns)   --->   "%sum_8 = fadd i32 %sum_7, i32 %mul273_2_2" [filter_kernel.cpp:167]   --->   Operation 237 'fadd' 'sum_8' <Predicate = true> <Delay = 7.28> <CoreInst = "FAddSub_fulldsp">   --->   Core 18 'FAddSub_fulldsp' <Latency = 3> <II = 1> <Delay = 7.28> <FuncUnit> <Opcode : 'fadd' 'fsub'> <InPorts = 2> <OutPorts = 1>

State 44 <SV = 43> <Delay = 7.28>
ST_44 : Operation 238 [2/4] (7.28ns)   --->   "%sum_8 = fadd i32 %sum_7, i32 %mul273_2_2" [filter_kernel.cpp:167]   --->   Operation 238 'fadd' 'sum_8' <Predicate = true> <Delay = 7.28> <CoreInst = "FAddSub_fulldsp">   --->   Core 18 'FAddSub_fulldsp' <Latency = 3> <II = 1> <Delay = 7.28> <FuncUnit> <Opcode : 'fadd' 'fsub'> <InPorts = 2> <OutPorts = 1>

State 45 <SV = 44> <Delay = 7.28>
ST_45 : Operation 239 [1/4] (7.28ns)   --->   "%sum_8 = fadd i32 %sum_7, i32 %mul273_2_2" [filter_kernel.cpp:167]   --->   Operation 239 'fadd' 'sum_8' <Predicate = true> <Delay = 7.28> <CoreInst = "FAddSub_fulldsp">   --->   Core 18 'FAddSub_fulldsp' <Latency = 3> <II = 1> <Delay = 7.28> <FuncUnit> <Opcode : 'fadd' 'fsub'> <InPorts = 2> <OutPorts = 1>

State 46 <SV = 45> <Delay = 5.95>
ST_46 : Operation 240 [12/12] (5.95ns)   --->   "%dc = fdiv i32 %sum_8, i32 %filter_divisor_read" [filter_kernel.cpp:173]   --->   Operation 240 'fdiv' 'dc' <Predicate = true> <Delay = 5.95> <CoreInst = "FDiv">   --->   Core 20 'FDiv' <Latency = 11> <II = 1> <Delay = 5.95> <FuncUnit> <Opcode : 'fdiv' 'frem'> <InPorts = 2> <OutPorts = 1>

State 47 <SV = 46> <Delay = 5.95>
ST_47 : Operation 241 [11/12] (5.95ns)   --->   "%dc = fdiv i32 %sum_8, i32 %filter_divisor_read" [filter_kernel.cpp:173]   --->   Operation 241 'fdiv' 'dc' <Predicate = true> <Delay = 5.95> <CoreInst = "FDiv">   --->   Core 20 'FDiv' <Latency = 11> <II = 1> <Delay = 5.95> <FuncUnit> <Opcode : 'fdiv' 'frem'> <InPorts = 2> <OutPorts = 1>

State 48 <SV = 47> <Delay = 5.95>
ST_48 : Operation 242 [10/12] (5.95ns)   --->   "%dc = fdiv i32 %sum_8, i32 %filter_divisor_read" [filter_kernel.cpp:173]   --->   Operation 242 'fdiv' 'dc' <Predicate = true> <Delay = 5.95> <CoreInst = "FDiv">   --->   Core 20 'FDiv' <Latency = 11> <II = 1> <Delay = 5.95> <FuncUnit> <Opcode : 'fdiv' 'frem'> <InPorts = 2> <OutPorts = 1>

State 49 <SV = 48> <Delay = 5.95>
ST_49 : Operation 243 [9/12] (5.95ns)   --->   "%dc = fdiv i32 %sum_8, i32 %filter_divisor_read" [filter_kernel.cpp:173]   --->   Operation 243 'fdiv' 'dc' <Predicate = true> <Delay = 5.95> <CoreInst = "FDiv">   --->   Core 20 'FDiv' <Latency = 11> <II = 1> <Delay = 5.95> <FuncUnit> <Opcode : 'fdiv' 'frem'> <InPorts = 2> <OutPorts = 1>

State 50 <SV = 49> <Delay = 5.95>
ST_50 : Operation 244 [8/12] (5.95ns)   --->   "%dc = fdiv i32 %sum_8, i32 %filter_divisor_read" [filter_kernel.cpp:173]   --->   Operation 244 'fdiv' 'dc' <Predicate = true> <Delay = 5.95> <CoreInst = "FDiv">   --->   Core 20 'FDiv' <Latency = 11> <II = 1> <Delay = 5.95> <FuncUnit> <Opcode : 'fdiv' 'frem'> <InPorts = 2> <OutPorts = 1>

State 51 <SV = 50> <Delay = 5.95>
ST_51 : Operation 245 [7/12] (5.95ns)   --->   "%dc = fdiv i32 %sum_8, i32 %filter_divisor_read" [filter_kernel.cpp:173]   --->   Operation 245 'fdiv' 'dc' <Predicate = true> <Delay = 5.95> <CoreInst = "FDiv">   --->   Core 20 'FDiv' <Latency = 11> <II = 1> <Delay = 5.95> <FuncUnit> <Opcode : 'fdiv' 'frem'> <InPorts = 2> <OutPorts = 1>

State 52 <SV = 51> <Delay = 5.95>
ST_52 : Operation 246 [6/12] (5.95ns)   --->   "%dc = fdiv i32 %sum_8, i32 %filter_divisor_read" [filter_kernel.cpp:173]   --->   Operation 246 'fdiv' 'dc' <Predicate = true> <Delay = 5.95> <CoreInst = "FDiv">   --->   Core 20 'FDiv' <Latency = 11> <II = 1> <Delay = 5.95> <FuncUnit> <Opcode : 'fdiv' 'frem'> <InPorts = 2> <OutPorts = 1>

State 53 <SV = 52> <Delay = 5.95>
ST_53 : Operation 247 [5/12] (5.95ns)   --->   "%dc = fdiv i32 %sum_8, i32 %filter_divisor_read" [filter_kernel.cpp:173]   --->   Operation 247 'fdiv' 'dc' <Predicate = true> <Delay = 5.95> <CoreInst = "FDiv">   --->   Core 20 'FDiv' <Latency = 11> <II = 1> <Delay = 5.95> <FuncUnit> <Opcode : 'fdiv' 'frem'> <InPorts = 2> <OutPorts = 1>

State 54 <SV = 53> <Delay = 5.95>
ST_54 : Operation 248 [4/12] (5.95ns)   --->   "%dc = fdiv i32 %sum_8, i32 %filter_divisor_read" [filter_kernel.cpp:173]   --->   Operation 248 'fdiv' 'dc' <Predicate = true> <Delay = 5.95> <CoreInst = "FDiv">   --->   Core 20 'FDiv' <Latency = 11> <II = 1> <Delay = 5.95> <FuncUnit> <Opcode : 'fdiv' 'frem'> <InPorts = 2> <OutPorts = 1>

State 55 <SV = 54> <Delay = 5.95>
ST_55 : Operation 249 [3/12] (5.95ns)   --->   "%dc = fdiv i32 %sum_8, i32 %filter_divisor_read" [filter_kernel.cpp:173]   --->   Operation 249 'fdiv' 'dc' <Predicate = true> <Delay = 5.95> <CoreInst = "FDiv">   --->   Core 20 'FDiv' <Latency = 11> <II = 1> <Delay = 5.95> <FuncUnit> <Opcode : 'fdiv' 'frem'> <InPorts = 2> <OutPorts = 1>

State 56 <SV = 55> <Delay = 5.95>
ST_56 : Operation 250 [2/12] (5.95ns)   --->   "%dc = fdiv i32 %sum_8, i32 %filter_divisor_read" [filter_kernel.cpp:173]   --->   Operation 250 'fdiv' 'dc' <Predicate = true> <Delay = 5.95> <CoreInst = "FDiv">   --->   Core 20 'FDiv' <Latency = 11> <II = 1> <Delay = 5.95> <FuncUnit> <Opcode : 'fdiv' 'frem'> <InPorts = 2> <OutPorts = 1>

State 57 <SV = 56> <Delay = 5.95>
ST_57 : Operation 251 [1/12] (5.95ns)   --->   "%dc = fdiv i32 %sum_8, i32 %filter_divisor_read" [filter_kernel.cpp:173]   --->   Operation 251 'fdiv' 'dc' <Predicate = true> <Delay = 5.95> <CoreInst = "FDiv">   --->   Core 20 'FDiv' <Latency = 11> <II = 1> <Delay = 5.95> <FuncUnit> <Opcode : 'fdiv' 'frem'> <InPorts = 2> <OutPorts = 1>

State 58 <SV = 57> <Delay = 5.61>
ST_58 : Operation 252 [1/1] (0.00ns)   --->   "%data = bitcast i32 %dc" [C:\scratch\2024.2\hls_product\495\2024.2\src\shared\hls\clib/src/hls\utils/x_hls_utils.h:288->C:\scratch\2024.2\hls_product\495\2024.2\src\shared\hls\clib/hlsmath/include/FloatingPoint\hls_case_IEEE754.h:13->C:\scratch\2024.2\hls_product\495\2024.2\src\shared\hls\clib/hlsmath/include/FloatingPoint\hls_case_IEEE754.h:117->C:\scratch\2024.2\hls_product\495\2024.2\src\shared\hls\clib\hlsmath\src\lib_floatconversion.cpp:51->filter_kernel.cpp:173]   --->   Operation 252 'bitcast' 'data' <Predicate = true> <Delay = 0.00>
ST_58 : Operation 253 [1/1] (0.00ns)   --->   "%xs_sign = bitselect i1 @_ssdm_op_BitSelect.i1.i32.i32, i32 %data, i32 31" [C:\scratch\2024.2\hls_product\495\2024.2\src\shared\hls\clib/src/hls\utils/x_hls_utils.h:294->C:\scratch\2024.2\hls_product\495\2024.2\src\shared\hls\clib/hlsmath/include/FloatingPoint\hls_case_IEEE754.h:13->C:\scratch\2024.2\hls_product\495\2024.2\src\shared\hls\clib/hlsmath/include/FloatingPoint\hls_case_IEEE754.h:117->C:\scratch\2024.2\hls_product\495\2024.2\src\shared\hls\clib\hlsmath\src\lib_floatconversion.cpp:51->filter_kernel.cpp:173]   --->   Operation 253 'bitselect' 'xs_sign' <Predicate = true> <Delay = 0.00>
ST_58 : Operation 254 [1/1] (0.00ns)   --->   "%xs_exp = partselect i8 @_ssdm_op_PartSelect.i8.i32.i32, i32 %data, i32 23" [C:\scratch\2024.2\hls_product\495\2024.2\src\shared\hls\clib/src/hls\utils/x_hls_utils.h:295->C:\scratch\2024.2\hls_product\495\2024.2\src\shared\hls\clib/hlsmath/include/FloatingPoint\hls_case_IEEE754.h:13->C:\scratch\2024.2\hls_product\495\2024.2\src\shared\hls\clib/hlsmath/include/FloatingPoint\hls_case_IEEE754.h:117->C:\scratch\2024.2\hls_product\495\2024.2\src\shared\hls\clib\hlsmath\src\lib_floatconversion.cpp:51->filter_kernel.cpp:173]   --->   Operation 254 'partselect' 'xs_exp' <Predicate = true> <Delay = 0.00>
ST_58 : Operation 255 [1/1] (0.00ns)   --->   "%trunc_ln342 = trunc i32 %data" [C:\scratch\2024.2\hls_product\495\2024.2\src\shared\hls\clib/src/hls\utils/x_hls_utils.h:342->C:\scratch\2024.2\hls_product\495\2024.2\src\shared\hls\clib/hlsmath/include/FloatingPoint\hls_case_IEEE754.h:15->C:\scratch\2024.2\hls_product\495\2024.2\src\shared\hls\clib/hlsmath/include/FloatingPoint\hls_case_IEEE754.h:117->C:\scratch\2024.2\hls_product\495\2024.2\src\shared\hls\clib\hlsmath\src\lib_floatconversion.cpp:51->filter_kernel.cpp:173]   --->   Operation 255 'trunc' 'trunc_ln342' <Predicate = true> <Delay = 0.00>
ST_58 : Operation 256 [1/1] (0.00ns)   --->   "%mantissa = bitconcatenate i25 @_ssdm_op_BitConcatenate.i25.i1.i23.i1, i1 1, i23 %trunc_ln342, i1 0" [C:\scratch\2024.2\hls_product\495\2024.2\src\shared\hls\clib/hlsmath/include/FloatingPoint\hls_case_IEEE754.h:15->C:\scratch\2024.2\hls_product\495\2024.2\src\shared\hls\clib/hlsmath/include/FloatingPoint\hls_case_IEEE754.h:117->C:\scratch\2024.2\hls_product\495\2024.2\src\shared\hls\clib\hlsmath\src\lib_floatconversion.cpp:51->filter_kernel.cpp:173]   --->   Operation 256 'bitconcatenate' 'mantissa' <Predicate = true> <Delay = 0.00>
ST_58 : Operation 257 [1/1] (0.00ns)   --->   "%zext_ln15 = zext i25 %mantissa" [C:\scratch\2024.2\hls_product\495\2024.2\src\shared\hls\clib/hlsmath/include/FloatingPoint\hls_case_IEEE754.h:15->C:\scratch\2024.2\hls_product\495\2024.2\src\shared\hls\clib/hlsmath/include/FloatingPoint\hls_case_IEEE754.h:117->C:\scratch\2024.2\hls_product\495\2024.2\src\shared\hls\clib\hlsmath\src\lib_floatconversion.cpp:51->filter_kernel.cpp:173]   --->   Operation 257 'zext' 'zext_ln15' <Predicate = true> <Delay = 0.00>
ST_58 : Operation 258 [1/1] (0.00ns)   --->   "%zext_ln317 = zext i8 %xs_exp" [C:\scratch\2024.2\hls_product\495\2024.2\src\shared\hls\clib/src/hls\utils/x_hls_utils.h:317->C:\scratch\2024.2\hls_product\495\2024.2\src\shared\hls\clib/hlsmath/include/FloatingPoint\hls_case_IEEE754.h:18->C:\scratch\2024.2\hls_product\495\2024.2\src\shared\hls\clib/hlsmath/include/FloatingPoint\hls_case_IEEE754.h:117->C:\scratch\2024.2\hls_product\495\2024.2\src\shared\hls\clib\hlsmath\src\lib_floatconversion.cpp:51->filter_kernel.cpp:173]   --->   Operation 258 'zext' 'zext_ln317' <Predicate = true> <Delay = 0.00>
ST_58 : Operation 259 [1/1] (1.62ns)   --->   "%add_ln317 = add i9 %zext_ln317, i9 385" [C:\scratch\2024.2\hls_product\495\2024.2\src\shared\hls\clib/src/hls\utils/x_hls_utils.h:317->C:\scratch\2024.2\hls_product\495\2024.2\src\shared\hls\clib/hlsmath/include/FloatingPoint\hls_case_IEEE754.h:18->C:\scratch\2024.2\hls_product\495\2024.2\src\shared\hls\clib/hlsmath/include/FloatingPoint\hls_case_IEEE754.h:117->C:\scratch\2024.2\hls_product\495\2024.2\src\shared\hls\clib\hlsmath\src\lib_floatconversion.cpp:51->filter_kernel.cpp:173]   --->   Operation 259 'add' 'add_ln317' <Predicate = true> <Delay = 1.62> <CoreInst = "Adder">   --->   Core 1 'Adder' <Latency = 0> <II = 1> <Delay = 1.62> <FuncUnit> <Opcode : 'add' 'sub'> <InPorts = 2> <OutPorts = 1>
ST_58 : Operation 260 [1/1] (0.00ns)   --->   "%tmp = bitselect i1 @_ssdm_op_BitSelect.i1.i9.i32, i9 %add_ln317, i32 8" [C:\scratch\2024.2\hls_product\495\2024.2\src\shared\hls\clib/hlsmath/include/FloatingPoint\hls_case_IEEE754.h:18->C:\scratch\2024.2\hls_product\495\2024.2\src\shared\hls\clib/hlsmath/include/FloatingPoint\hls_case_IEEE754.h:117->C:\scratch\2024.2\hls_product\495\2024.2\src\shared\hls\clib\hlsmath\src\lib_floatconversion.cpp:51->filter_kernel.cpp:173]   --->   Operation 260 'bitselect' 'tmp' <Predicate = true> <Delay = 0.00>
ST_58 : Operation 261 [1/1] (1.62ns)   --->   "%sub_ln18 = sub i8 127, i8 %xs_exp" [C:\scratch\2024.2\hls_product\495\2024.2\src\shared\hls\clib/hlsmath/include/FloatingPoint\hls_case_IEEE754.h:18->C:\scratch\2024.2\hls_product\495\2024.2\src\shared\hls\clib/hlsmath/include/FloatingPoint\hls_case_IEEE754.h:117->C:\scratch\2024.2\hls_product\495\2024.2\src\shared\hls\clib\hlsmath\src\lib_floatconversion.cpp:51->filter_kernel.cpp:173]   --->   Operation 261 'sub' 'sub_ln18' <Predicate = true> <Delay = 1.62> <CoreInst = "Adder">   --->   Core 1 'Adder' <Latency = 0> <II = 1> <Delay = 1.62> <FuncUnit> <Opcode : 'add' 'sub'> <InPorts = 2> <OutPorts = 1>
ST_58 : Operation 262 [1/1] (0.00ns)   --->   "%sext_ln18 = sext i8 %sub_ln18" [C:\scratch\2024.2\hls_product\495\2024.2\src\shared\hls\clib/hlsmath/include/FloatingPoint\hls_case_IEEE754.h:18->C:\scratch\2024.2\hls_product\495\2024.2\src\shared\hls\clib/hlsmath/include/FloatingPoint\hls_case_IEEE754.h:117->C:\scratch\2024.2\hls_product\495\2024.2\src\shared\hls\clib\hlsmath\src\lib_floatconversion.cpp:51->filter_kernel.cpp:173]   --->   Operation 262 'sext' 'sext_ln18' <Predicate = true> <Delay = 0.00>
ST_58 : Operation 263 [1/1] (0.72ns)   --->   "%select_ln18 = select i1 %tmp, i9 %sext_ln18, i9 %add_ln317" [C:\scratch\2024.2\hls_product\495\2024.2\src\shared\hls\clib/hlsmath/include/FloatingPoint\hls_case_IEEE754.h:18->C:\scratch\2024.2\hls_product\495\2024.2\src\shared\hls\clib/hlsmath/include/FloatingPoint\hls_case_IEEE754.h:117->C:\scratch\2024.2\hls_product\495\2024.2\src\shared\hls\clib\hlsmath\src\lib_floatconversion.cpp:51->filter_kernel.cpp:173]   --->   Operation 263 'select' 'select_ln18' <Predicate = true> <Delay = 0.72> <CoreInst = "Sel">   --->   Core 73 'Sel' <Latency = 0> <II = 1> <Delay = 0.72> <FuncUnit> <Opcode : 'select'> <InPorts = 3> <OutPorts = 1>
ST_58 : Operation 264 [1/1] (0.00ns)   --->   "%sext_ln18_1 = sext i9 %select_ln18" [C:\scratch\2024.2\hls_product\495\2024.2\src\shared\hls\clib/hlsmath/include/FloatingPoint\hls_case_IEEE754.h:18->C:\scratch\2024.2\hls_product\495\2024.2\src\shared\hls\clib/hlsmath/include/FloatingPoint\hls_case_IEEE754.h:117->C:\scratch\2024.2\hls_product\495\2024.2\src\shared\hls\clib\hlsmath\src\lib_floatconversion.cpp:51->filter_kernel.cpp:173]   --->   Operation 264 'sext' 'sext_ln18_1' <Predicate = true> <Delay = 0.00>
ST_58 : Operation 265 [1/1] (0.00ns)   --->   "%zext_ln18 = zext i32 %sext_ln18_1" [C:\scratch\2024.2\hls_product\495\2024.2\src\shared\hls\clib/hlsmath/include/FloatingPoint\hls_case_IEEE754.h:18->C:\scratch\2024.2\hls_product\495\2024.2\src\shared\hls\clib/hlsmath/include/FloatingPoint\hls_case_IEEE754.h:117->C:\scratch\2024.2\hls_product\495\2024.2\src\shared\hls\clib\hlsmath\src\lib_floatconversion.cpp:51->filter_kernel.cpp:173]   --->   Operation 265 'zext' 'zext_ln18' <Predicate = true> <Delay = 0.00>
ST_58 : Operation 266 [1/1] (2.61ns)   --->   "%lshr_ln18 = lshr i79 %zext_ln15, i79 %zext_ln18" [C:\scratch\2024.2\hls_product\495\2024.2\src\shared\hls\clib/hlsmath/include/FloatingPoint\hls_case_IEEE754.h:18->C:\scratch\2024.2\hls_product\495\2024.2\src\shared\hls\clib/hlsmath/include/FloatingPoint\hls_case_IEEE754.h:117->C:\scratch\2024.2\hls_product\495\2024.2\src\shared\hls\clib\hlsmath\src\lib_floatconversion.cpp:51->filter_kernel.cpp:173]   --->   Operation 266 'lshr' 'lshr_ln18' <Predicate = true> <Delay = 2.61> <CoreInst = "Shifter">   --->   Core 75 'Shifter' <Latency = 0> <II = 1> <Delay = 2.61> <FuncUnit> <Opcode : 'shl' 'lshr' 'ashr'> <InPorts = 2> <OutPorts = 1>
ST_58 : Operation 267 [1/1] (2.61ns)   --->   "%shl_ln18 = shl i79 %zext_ln15, i79 %zext_ln18" [C:\scratch\2024.2\hls_product\495\2024.2\src\shared\hls\clib/hlsmath/include/FloatingPoint\hls_case_IEEE754.h:18->C:\scratch\2024.2\hls_product\495\2024.2\src\shared\hls\clib/hlsmath/include/FloatingPoint\hls_case_IEEE754.h:117->C:\scratch\2024.2\hls_product\495\2024.2\src\shared\hls\clib\hlsmath\src\lib_floatconversion.cpp:51->filter_kernel.cpp:173]   --->   Operation 267 'shl' 'shl_ln18' <Predicate = true> <Delay = 2.61> <CoreInst = "Shifter">   --->   Core 75 'Shifter' <Latency = 0> <II = 1> <Delay = 2.61> <FuncUnit> <Opcode : 'shl' 'lshr' 'ashr'> <InPorts = 2> <OutPorts = 1>
ST_58 : Operation 268 [1/1] (0.00ns)   --->   "%tmp_9 = partselect i32 @_ssdm_op_PartSelect.i32.i79.i32.i32, i79 %lshr_ln18, i32 24, i32 55" [C:\scratch\2024.2\hls_product\495\2024.2\src\shared\hls\clib/hlsmath/include/FloatingPoint\hls_case_IEEE754.h:21->C:\scratch\2024.2\hls_product\495\2024.2\src\shared\hls\clib/hlsmath/include/FloatingPoint\hls_case_IEEE754.h:117->C:\scratch\2024.2\hls_product\495\2024.2\src\shared\hls\clib\hlsmath\src\lib_floatconversion.cpp:51->filter_kernel.cpp:173]   --->   Operation 268 'partselect' 'tmp_9' <Predicate = true> <Delay = 0.00>
ST_58 : Operation 269 [1/1] (0.00ns)   --->   "%tmp_10 = partselect i32 @_ssdm_op_PartSelect.i32.i79.i32.i32, i79 %shl_ln18, i32 24, i32 55" [C:\scratch\2024.2\hls_product\495\2024.2\src\shared\hls\clib/hlsmath/include/FloatingPoint\hls_case_IEEE754.h:21->C:\scratch\2024.2\hls_product\495\2024.2\src\shared\hls\clib/hlsmath/include/FloatingPoint\hls_case_IEEE754.h:117->C:\scratch\2024.2\hls_product\495\2024.2\src\shared\hls\clib\hlsmath\src\lib_floatconversion.cpp:51->filter_kernel.cpp:173]   --->   Operation 269 'partselect' 'tmp_10' <Predicate = true> <Delay = 0.00>
ST_58 : Operation 270 [1/1] (0.65ns)   --->   "%val = select i1 %tmp, i32 %tmp_9, i32 %tmp_10" [C:\scratch\2024.2\hls_product\495\2024.2\src\shared\hls\clib/hlsmath/include/FloatingPoint\hls_case_IEEE754.h:18->C:\scratch\2024.2\hls_product\495\2024.2\src\shared\hls\clib/hlsmath/include/FloatingPoint\hls_case_IEEE754.h:117->C:\scratch\2024.2\hls_product\495\2024.2\src\shared\hls\clib\hlsmath\src\lib_floatconversion.cpp:51->filter_kernel.cpp:173]   --->   Operation 270 'select' 'val' <Predicate = true> <Delay = 0.65> <CoreInst = "Sel">   --->   Core 73 'Sel' <Latency = 0> <II = 1> <Delay = 0.65> <FuncUnit> <Opcode : 'select'> <InPorts = 3> <OutPorts = 1>
ST_58 : Operation 288 [1/1] (0.00ns)   --->   "%output_pixel_load = load i8 %output_pixel"   --->   Operation 288 'load' 'output_pixel_load' <Predicate = (!icmp_ln160)> <Delay = 0.00>
ST_58 : Operation 289 [1/1] (0.00ns)   --->   "%output_pixel_1_load = load i8 %output_pixel_1"   --->   Operation 289 'load' 'output_pixel_1_load' <Predicate = (!icmp_ln160)> <Delay = 0.00>
ST_58 : Operation 290 [1/1] (0.00ns)   --->   "%output_pixel_2_load = load i8 %output_pixel_2"   --->   Operation 290 'load' 'output_pixel_2_load' <Predicate = (!icmp_ln160)> <Delay = 0.00>
ST_58 : Operation 291 [1/1] (0.00ns)   --->   "%write_ln0 = write void @_ssdm_op_Write.ap_auto.i8P0A, i8 %output_pixel_2_out, i8 %output_pixel_2_load"   --->   Operation 291 'write' 'write_ln0' <Predicate = (!icmp_ln160)> <Delay = 0.00>
ST_58 : Operation 292 [1/1] (0.00ns)   --->   "%write_ln0 = write void @_ssdm_op_Write.ap_auto.i8P0A, i8 %output_pixel_1_out, i8 %output_pixel_1_load"   --->   Operation 292 'write' 'write_ln0' <Predicate = (!icmp_ln160)> <Delay = 0.00>
ST_58 : Operation 293 [1/1] (0.00ns)   --->   "%write_ln0 = write void @_ssdm_op_Write.ap_auto.i8P0A, i8 %output_pixel_out, i8 %output_pixel_load"   --->   Operation 293 'write' 'write_ln0' <Predicate = (!icmp_ln160)> <Delay = 0.00>
ST_58 : Operation 294 [1/1] (1.14ns)   --->   "%ret_ln0 = ret"   --->   Operation 294 'ret' 'ret_ln0' <Predicate = (!icmp_ln160)> <Delay = 1.14>

State 59 <SV = 58> <Delay = 5.88>
ST_59 : Operation 271 [1/1] (0.00ns)   --->   "%specpipeline_ln157 = specpipeline void @_ssdm_op_SpecPipeline, i32 4294967295, i32 0, i32 0, i32 0, void @empty_26" [filter_kernel.cpp:157]   --->   Operation 271 'specpipeline' 'specpipeline_ln157' <Predicate = true> <Delay = 0.00>
ST_59 : Operation 272 [1/1] (0.00ns)   --->   "%specloopname_ln160 = specloopname void @_ssdm_op_SpecLoopName, void @empty_24" [filter_kernel.cpp:160]   --->   Operation 272 'specloopname' 'specloopname_ln160' <Predicate = true> <Delay = 0.00>
ST_59 : Operation 273 [1/1] (1.91ns)   --->   "%result_1 = sub i32 0, i32 %val" [C:\scratch\2024.2\hls_product\495\2024.2\src\shared\hls\clib/hlsmath/include/FloatingPoint\hls_case_IEEE754.h:59->C:\scratch\2024.2\hls_product\495\2024.2\src\shared\hls\clib/hlsmath/include/FloatingPoint\hls_case_IEEE754.h:117->C:\scratch\2024.2\hls_product\495\2024.2\src\shared\hls\clib\hlsmath\src\lib_floatconversion.cpp:51->filter_kernel.cpp:173]   --->   Operation 273 'sub' 'result_1' <Predicate = (xs_sign)> <Delay = 1.91> <CoreInst = "Adder">   --->   Core 1 'Adder' <Latency = 0> <II = 1> <Delay = 1.91> <FuncUnit> <Opcode : 'add' 'sub'> <InPorts = 2> <OutPorts = 1>
ST_59 : Operation 274 [1/1] (0.65ns)   --->   "%result_2 = select i1 %xs_sign, i32 %result_1, i32 %val" [C:\scratch\2024.2\hls_product\495\2024.2\src\shared\hls\clib/hlsmath/include/FloatingPoint\hls_case_IEEE754.h:59->C:\scratch\2024.2\hls_product\495\2024.2\src\shared\hls\clib/hlsmath/include/FloatingPoint\hls_case_IEEE754.h:117->C:\scratch\2024.2\hls_product\495\2024.2\src\shared\hls\clib\hlsmath\src\lib_floatconversion.cpp:51->filter_kernel.cpp:173]   --->   Operation 274 'select' 'result_2' <Predicate = true> <Delay = 0.65> <CoreInst = "Sel">   --->   Core 73 'Sel' <Latency = 0> <II = 1> <Delay = 0.65> <FuncUnit> <Opcode : 'select'> <InPorts = 3> <OutPorts = 1>
ST_59 : Operation 275 [1/1] (0.00ns)   --->   "%trunc_ln58 = trunc i32 %result_2" [C:\scratch\2024.2\hls_product\495\2024.2\src\shared\hls\clib/hlsmath/include/FloatingPoint\hls_case_IEEE754.h:58->C:\scratch\2024.2\hls_product\495\2024.2\src\shared\hls\clib/hlsmath/include/FloatingPoint\hls_case_IEEE754.h:117->C:\scratch\2024.2\hls_product\495\2024.2\src\shared\hls\clib\hlsmath\src\lib_floatconversion.cpp:51->filter_kernel.cpp:173]   --->   Operation 275 'trunc' 'trunc_ln58' <Predicate = true> <Delay = 0.00>
ST_59 : Operation 276 [1/1] (0.00ns)   --->   "%tmp_11 = bitselect i1 @_ssdm_op_BitSelect.i1.i32.i32, i32 %result_2, i32 31" [filter_kernel.cpp:174]   --->   Operation 276 'bitselect' 'tmp_11' <Predicate = true> <Delay = 0.00>
ST_59 : Operation 277 [1/1] (0.62ns)   --->   "%result_3 = select i1 %tmp_11, i31 0, i31 %trunc_ln58" [filter_kernel.cpp:174]   --->   Operation 277 'select' 'result_3' <Predicate = true> <Delay = 0.62> <CoreInst = "Sel">   --->   Core 73 'Sel' <Latency = 0> <II = 1> <Delay = 0.62> <FuncUnit> <Opcode : 'select'> <InPorts = 3> <OutPorts = 1>
ST_59 : Operation 278 [1/1] (0.00ns)   --->   "%tmp_12 = partselect i23 @_ssdm_op_PartSelect.i23.i31.i32.i32, i31 %result_3, i32 8, i32 30" [filter_kernel.cpp:175]   --->   Operation 278 'partselect' 'tmp_12' <Predicate = true> <Delay = 0.00>
ST_59 : Operation 279 [1/1] (1.75ns)   --->   "%icmp_ln175 = icmp_ne  i23 %tmp_12, i23 0" [filter_kernel.cpp:175]   --->   Operation 279 'icmp' 'icmp_ln175' <Predicate = true> <Delay = 1.75> <CoreInst = "Cmp">   --->   Core 9 'Cmp' <Latency = 0> <II = 1> <Delay = 1.75> <FuncUnit> <Opcode : 'seteq' 'setne' 'setle' 'setge' 'setlt' 'setgt'> <InPorts = 2> <OutPorts = 1>
ST_59 : Operation 280 [1/1] (0.00ns)   --->   "%trunc_ln176 = trunc i31 %result_3" [filter_kernel.cpp:176]   --->   Operation 280 'trunc' 'trunc_ln176' <Predicate = true> <Delay = 0.00>
ST_59 : Operation 281 [1/1] (0.93ns)   --->   "%output_pixel_3 = select i1 %icmp_ln175, i8 255, i8 %trunc_ln176" [filter_kernel.cpp:176]   --->   Operation 281 'select' 'output_pixel_3' <Predicate = true> <Delay = 0.93> <CoreInst = "Sel">   --->   Core 73 'Sel' <Latency = 0> <II = 1> <Delay = 0.93> <FuncUnit> <Opcode : 'select'> <InPorts = 3> <OutPorts = 1>
ST_59 : Operation 282 [1/1] (0.00ns)   --->   "%store_ln157 = store i8 %output_pixel_3, i8 %output_pixel_1" [filter_kernel.cpp:157]   --->   Operation 282 'store' 'store_ln157' <Predicate = (k == 1)> <Delay = 0.00>
ST_59 : Operation 283 [1/1] (0.00ns)   --->   "%br_ln176 = br void %arrayidx291.exit" [filter_kernel.cpp:176]   --->   Operation 283 'br' 'br_ln176' <Predicate = (k == 1)> <Delay = 0.00>
ST_59 : Operation 284 [1/1] (0.00ns)   --->   "%store_ln157 = store i8 %output_pixel_3, i8 %output_pixel" [filter_kernel.cpp:157]   --->   Operation 284 'store' 'store_ln157' <Predicate = (k == 0)> <Delay = 0.00>
ST_59 : Operation 285 [1/1] (0.00ns)   --->   "%br_ln176 = br void %arrayidx291.exit" [filter_kernel.cpp:176]   --->   Operation 285 'br' 'br_ln176' <Predicate = (k == 0)> <Delay = 0.00>
ST_59 : Operation 286 [1/1] (0.00ns)   --->   "%store_ln157 = store i8 %output_pixel_3, i8 %output_pixel_2" [filter_kernel.cpp:157]   --->   Operation 286 'store' 'store_ln157' <Predicate = (k != 0 & k != 1)> <Delay = 0.00>
ST_59 : Operation 287 [1/1] (0.00ns)   --->   "%br_ln176 = br void %arrayidx291.exit" [filter_kernel.cpp:176]   --->   Operation 287 'br' 'br_ln176' <Predicate = (k != 0 & k != 1)> <Delay = 0.00>


============================================================
+ Verbose Summary: Timing violations
============================================================
Target clock period: 10.000ns, clock uncertainty: 2.700ns.

 <State 1>: 4.208ns
The critical path consists of the following:
	'store' operation 0 bit ('store_ln160', filter_kernel.cpp:160) of constant 0 on local variable 'k', filter_kernel.cpp:160 [84]  (1.146 ns)
	'load' operation 2 bit ('k', filter_kernel.cpp:160) on local variable 'k', filter_kernel.cpp:160 [87]  (0.000 ns)
	'icmp' operation 1 bit ('icmp_ln160', filter_kernel.cpp:160) [89]  (1.916 ns)
	'store' operation 0 bit ('store_ln160', filter_kernel.cpp:160) of variable 'add_ln160', filter_kernel.cpp:160 on local variable 'k', filter_kernel.cpp:160 [180]  (1.146 ns)

 <State 2>: 7.144ns
The critical path consists of the following:
	'uitofp' operation 32 bit ('conv', filter_kernel.cpp:167) [105]  (7.144 ns)

 <State 3>: 7.144ns
The critical path consists of the following:
	'uitofp' operation 32 bit ('conv', filter_kernel.cpp:167) [105]  (7.144 ns)

 <State 4>: 7.144ns
The critical path consists of the following:
	'uitofp' operation 32 bit ('conv', filter_kernel.cpp:167) [105]  (7.144 ns)

 <State 5>: 7.144ns
The critical path consists of the following:
	'uitofp' operation 32 bit ('conv', filter_kernel.cpp:167) [105]  (7.144 ns)

 <State 6>: 7.144ns
The critical path consists of the following:
	'uitofp' operation 32 bit ('conv268_1', filter_kernel.cpp:167) [109]  (7.144 ns)

 <State 7>: 7.144ns
The critical path consists of the following:
	'uitofp' operation 32 bit ('conv268_1', filter_kernel.cpp:167) [109]  (7.144 ns)

 <State 8>: 7.144ns
The critical path consists of the following:
	'uitofp' operation 32 bit ('conv268_1', filter_kernel.cpp:167) [109]  (7.144 ns)

 <State 9>: 7.144ns
The critical path consists of the following:
	'uitofp' operation 32 bit ('conv268_1', filter_kernel.cpp:167) [109]  (7.144 ns)

 <State 10>: 7.280ns
The critical path consists of the following:
	'fadd' operation 32 bit ('sum', filter_kernel.cpp:167) [107]  (7.280 ns)

 <State 11>: 7.280ns
The critical path consists of the following:
	'fadd' operation 32 bit ('sum', filter_kernel.cpp:167) [107]  (7.280 ns)

 <State 12>: 7.280ns
The critical path consists of the following:
	'fadd' operation 32 bit ('sum', filter_kernel.cpp:167) [107]  (7.280 ns)

 <State 13>: 7.280ns
The critical path consists of the following:
	'fadd' operation 32 bit ('sum', filter_kernel.cpp:167) [107]  (7.280 ns)

 <State 14>: 7.280ns
The critical path consists of the following:
	'fadd' operation 32 bit ('sum', filter_kernel.cpp:167) [111]  (7.280 ns)

 <State 15>: 7.280ns
The critical path consists of the following:
	'fadd' operation 32 bit ('sum', filter_kernel.cpp:167) [111]  (7.280 ns)

 <State 16>: 7.280ns
The critical path consists of the following:
	'fadd' operation 32 bit ('sum', filter_kernel.cpp:167) [111]  (7.280 ns)

 <State 17>: 7.280ns
The critical path consists of the following:
	'fadd' operation 32 bit ('sum', filter_kernel.cpp:167) [111]  (7.280 ns)

 <State 18>: 7.280ns
The critical path consists of the following:
	'fadd' operation 32 bit ('sum', filter_kernel.cpp:167) [115]  (7.280 ns)

 <State 19>: 7.280ns
The critical path consists of the following:
	'fadd' operation 32 bit ('sum', filter_kernel.cpp:167) [115]  (7.280 ns)

 <State 20>: 7.280ns
The critical path consists of the following:
	'fadd' operation 32 bit ('sum', filter_kernel.cpp:167) [115]  (7.280 ns)

 <State 21>: 7.280ns
The critical path consists of the following:
	'fadd' operation 32 bit ('sum', filter_kernel.cpp:167) [115]  (7.280 ns)

 <State 22>: 7.280ns
The critical path consists of the following:
	'fadd' operation 32 bit ('sum', filter_kernel.cpp:167) [119]  (7.280 ns)

 <State 23>: 7.280ns
The critical path consists of the following:
	'fadd' operation 32 bit ('sum', filter_kernel.cpp:167) [119]  (7.280 ns)

 <State 24>: 7.280ns
The critical path consists of the following:
	'fadd' operation 32 bit ('sum', filter_kernel.cpp:167) [119]  (7.280 ns)

 <State 25>: 7.280ns
The critical path consists of the following:
	'fadd' operation 32 bit ('sum', filter_kernel.cpp:167) [119]  (7.280 ns)

 <State 26>: 7.280ns
The critical path consists of the following:
	'fadd' operation 32 bit ('sum', filter_kernel.cpp:167) [123]  (7.280 ns)

 <State 27>: 7.280ns
The critical path consists of the following:
	'fadd' operation 32 bit ('sum', filter_kernel.cpp:167) [123]  (7.280 ns)

 <State 28>: 7.280ns
The critical path consists of the following:
	'fadd' operation 32 bit ('sum', filter_kernel.cpp:167) [123]  (7.280 ns)

 <State 29>: 7.280ns
The critical path consists of the following:
	'fadd' operation 32 bit ('sum', filter_kernel.cpp:167) [123]  (7.280 ns)

 <State 30>: 7.280ns
The critical path consists of the following:
	'fadd' operation 32 bit ('sum', filter_kernel.cpp:167) [127]  (7.280 ns)

 <State 31>: 7.280ns
The critical path consists of the following:
	'fadd' operation 32 bit ('sum', filter_kernel.cpp:167) [127]  (7.280 ns)

 <State 32>: 7.280ns
The critical path consists of the following:
	'fadd' operation 32 bit ('sum', filter_kernel.cpp:167) [127]  (7.280 ns)

 <State 33>: 7.280ns
The critical path consists of the following:
	'fadd' operation 32 bit ('sum', filter_kernel.cpp:167) [127]  (7.280 ns)

 <State 34>: 7.280ns
The critical path consists of the following:
	'fadd' operation 32 bit ('sum', filter_kernel.cpp:167) [131]  (7.280 ns)

 <State 35>: 7.280ns
The critical path consists of the following:
	'fadd' operation 32 bit ('sum', filter_kernel.cpp:167) [131]  (7.280 ns)

 <State 36>: 7.280ns
The critical path consists of the following:
	'fadd' operation 32 bit ('sum', filter_kernel.cpp:167) [131]  (7.280 ns)

 <State 37>: 7.280ns
The critical path consists of the following:
	'fadd' operation 32 bit ('sum', filter_kernel.cpp:167) [131]  (7.280 ns)

 <State 38>: 7.280ns
The critical path consists of the following:
	'fadd' operation 32 bit ('sum', filter_kernel.cpp:167) [135]  (7.280 ns)

 <State 39>: 7.280ns
The critical path consists of the following:
	'fadd' operation 32 bit ('sum', filter_kernel.cpp:167) [135]  (7.280 ns)

 <State 40>: 7.280ns
The critical path consists of the following:
	'fadd' operation 32 bit ('sum', filter_kernel.cpp:167) [135]  (7.280 ns)

 <State 41>: 7.280ns
The critical path consists of the following:
	'fadd' operation 32 bit ('sum', filter_kernel.cpp:167) [135]  (7.280 ns)

 <State 42>: 7.280ns
The critical path consists of the following:
	'fadd' operation 32 bit ('sum', filter_kernel.cpp:167) [139]  (7.280 ns)

 <State 43>: 7.280ns
The critical path consists of the following:
	'fadd' operation 32 bit ('sum', filter_kernel.cpp:167) [139]  (7.280 ns)

 <State 44>: 7.280ns
The critical path consists of the following:
	'fadd' operation 32 bit ('sum', filter_kernel.cpp:167) [139]  (7.280 ns)

 <State 45>: 7.280ns
The critical path consists of the following:
	'fadd' operation 32 bit ('sum', filter_kernel.cpp:167) [139]  (7.280 ns)

 <State 46>: 5.955ns
The critical path consists of the following:
	'fdiv' operation 32 bit ('x', filter_kernel.cpp:173) [140]  (5.955 ns)

 <State 47>: 5.955ns
The critical path consists of the following:
	'fdiv' operation 32 bit ('x', filter_kernel.cpp:173) [140]  (5.955 ns)

 <State 48>: 5.955ns
The critical path consists of the following:
	'fdiv' operation 32 bit ('x', filter_kernel.cpp:173) [140]  (5.955 ns)

 <State 49>: 5.955ns
The critical path consists of the following:
	'fdiv' operation 32 bit ('x', filter_kernel.cpp:173) [140]  (5.955 ns)

 <State 50>: 5.955ns
The critical path consists of the following:
	'fdiv' operation 32 bit ('x', filter_kernel.cpp:173) [140]  (5.955 ns)

 <State 51>: 5.955ns
The critical path consists of the following:
	'fdiv' operation 32 bit ('x', filter_kernel.cpp:173) [140]  (5.955 ns)

 <State 52>: 5.955ns
The critical path consists of the following:
	'fdiv' operation 32 bit ('x', filter_kernel.cpp:173) [140]  (5.955 ns)

 <State 53>: 5.955ns
The critical path consists of the following:
	'fdiv' operation 32 bit ('x', filter_kernel.cpp:173) [140]  (5.955 ns)

 <State 54>: 5.955ns
The critical path consists of the following:
	'fdiv' operation 32 bit ('x', filter_kernel.cpp:173) [140]  (5.955 ns)

 <State 55>: 5.955ns
The critical path consists of the following:
	'fdiv' operation 32 bit ('x', filter_kernel.cpp:173) [140]  (5.955 ns)

 <State 56>: 5.955ns
The critical path consists of the following:
	'fdiv' operation 32 bit ('x', filter_kernel.cpp:173) [140]  (5.955 ns)

 <State 57>: 5.955ns
The critical path consists of the following:
	'fdiv' operation 32 bit ('x', filter_kernel.cpp:173) [140]  (5.955 ns)

 <State 58>: 5.614ns
The critical path consists of the following:
	'add' operation 9 bit ('add_ln317', C:\scratch\2024.2\hls_product\495\2024.2\src\shared\hls\clib/src/hls\utils/x_hls_utils.h:317->C:\scratch\2024.2\hls_product\495\2024.2\src\shared\hls\clib/hlsmath/include/FloatingPoint\hls_case_IEEE754.h:18->C:\scratch\2024.2\hls_product\495\2024.2\src\shared\hls\clib/hlsmath/include/FloatingPoint\hls_case_IEEE754.h:117->C:\scratch\2024.2\hls_product\495\2024.2\src\shared\hls\clib\hlsmath\src\lib_floatconversion.cpp:51->filter_kernel.cpp:173) [148]  (1.627 ns)
	'select' operation 9 bit ('select_ln18', C:\scratch\2024.2\hls_product\495\2024.2\src\shared\hls\clib/hlsmath/include/FloatingPoint\hls_case_IEEE754.h:18->C:\scratch\2024.2\hls_product\495\2024.2\src\shared\hls\clib/hlsmath/include/FloatingPoint\hls_case_IEEE754.h:117->C:\scratch\2024.2\hls_product\495\2024.2\src\shared\hls\clib\hlsmath\src\lib_floatconversion.cpp:51->filter_kernel.cpp:173) [152]  (0.723 ns)
	'lshr' operation 79 bit ('lshr_ln18', C:\scratch\2024.2\hls_product\495\2024.2\src\shared\hls\clib/hlsmath/include/FloatingPoint\hls_case_IEEE754.h:18->C:\scratch\2024.2\hls_product\495\2024.2\src\shared\hls\clib/hlsmath/include/FloatingPoint\hls_case_IEEE754.h:117->C:\scratch\2024.2\hls_product\495\2024.2\src\shared\hls\clib\hlsmath\src\lib_floatconversion.cpp:51->filter_kernel.cpp:173) [155]  (2.611 ns)
	'select' operation 32 bit ('val', C:\scratch\2024.2\hls_product\495\2024.2\src\shared\hls\clib/hlsmath/include/FloatingPoint\hls_case_IEEE754.h:18->C:\scratch\2024.2\hls_product\495\2024.2\src\shared\hls\clib/hlsmath/include/FloatingPoint\hls_case_IEEE754.h:117->C:\scratch\2024.2\hls_product\495\2024.2\src\shared\hls\clib\hlsmath\src\lib_floatconversion.cpp:51->filter_kernel.cpp:173) [159]  (0.654 ns)

 <State 59>: 5.881ns
The critical path consists of the following:
	'sub' operation 32 bit ('result', C:\scratch\2024.2\hls_product\495\2024.2\src\shared\hls\clib/hlsmath/include/FloatingPoint\hls_case_IEEE754.h:59->C:\scratch\2024.2\hls_product\495\2024.2\src\shared\hls\clib/hlsmath/include/FloatingPoint\hls_case_IEEE754.h:117->C:\scratch\2024.2\hls_product\495\2024.2\src\shared\hls\clib\hlsmath\src\lib_floatconversion.cpp:51->filter_kernel.cpp:173) [160]  (1.916 ns)
	'select' operation 32 bit ('result', C:\scratch\2024.2\hls_product\495\2024.2\src\shared\hls\clib/hlsmath/include/FloatingPoint\hls_case_IEEE754.h:59->C:\scratch\2024.2\hls_product\495\2024.2\src\shared\hls\clib/hlsmath/include/FloatingPoint\hls_case_IEEE754.h:117->C:\scratch\2024.2\hls_product\495\2024.2\src\shared\hls\clib\hlsmath\src\lib_floatconversion.cpp:51->filter_kernel.cpp:173) [161]  (0.654 ns)
	'select' operation 31 bit ('result', filter_kernel.cpp:174) [164]  (0.621 ns)
	'icmp' operation 1 bit ('icmp_ln175', filter_kernel.cpp:175) [166]  (1.758 ns)
	'select' operation 8 bit ('output_pixel', filter_kernel.cpp:176) [168]  (0.931 ns)
	'store' operation 0 bit ('store_ln157', filter_kernel.cpp:157) of variable 'output_pixel', filter_kernel.cpp:176 on local variable 'output_pixel', filter_kernel.cpp:157 [174]  (0.000 ns)


============================================================
+ Verbose Summary: Binding
============================================================
N/A
* FSMD analyzer results:
  - Output states:
 - Input state : 
  - Chain level:
	State 1
	State 2
	State 3
	State 4
	State 5
	State 6
	State 7
	State 8
	State 9
	State 10
	State 11
	State 12
	State 13
	State 14
	State 15
	State 16
	State 17
	State 18
	State 19
	State 20
	State 21
	State 22
	State 23
	State 24
	State 25
	State 26
	State 27
	State 28
	State 29
	State 30
	State 31
	State 32
	State 33
	State 34
	State 35
	State 36
	State 37
	State 38
	State 39
	State 40
	State 41
	State 42
	State 43
	State 44
	State 45
	State 46
	State 47
	State 48
	State 49
	State 50
	State 51
	State 52
	State 53
	State 54
	State 55
	State 56
	State 57
	State 58
	State 59


============================================================
+ Verbose Summary: Datapath Resource usage 
============================================================
N/A
