  **** HLS Build v2024.2 5238294
INFO: [HLS 200-2005] Using work_dir D:/cse_462/image_kernel/image_kernel 
INFO: [HLS 200-1505] Using default flow_target 'vivado'
Resolution: For help on HLS 200-1505 see docs.xilinx.com/access/sources/dita/topic?Doc_Version=2024.2%20English&url=ug1448-hls-guidance&resourceid=200-1505.html
INFO: [HLS 200-1465] Applying ini 'syn.file=filter_kernel.cpp' from D:/cse_462/image_kernel/hls_config.cfg(7)
INFO: [HLS 200-10] Adding design file 'D:/cse_462/image_kernel/filter_kernel.cpp' to the project
INFO: [HLS 200-1465] Applying ini 'syn.top=filter_kernel' from D:/cse_462/image_kernel/hls_config.cfg(8)
INFO: [HLS 200-1465] Applying ini 'flow_target=vivado' from D:/cse_462/image_kernel/hls_config.cfg(4)
INFO: [HLS 200-1505] Using flow_target 'vivado'
Resolution: For help on HLS 200-1505 see docs.xilinx.com/access/sources/dita/topic?Doc_Version=2024.2%20English&url=ug1448-hls-guidance&resourceid=200-1505.html
INFO: [HLS 200-1465] Applying ini 'part=xc7z020clg400-3' from D:/cse_462/image_kernel/hls_config.cfg(1)
INFO: [HLS 200-1611] Setting target device to 'xc7z020-clg400-3'
INFO: [HLS 200-1465] Applying ini 'package.output.format=ip_catalog' from D:/cse_462/image_kernel/hls_config.cfg(5)
INFO: [HLS 200-111] Finished File checks and directory preparation: CPU user time: 2 seconds. CPU system time: 0 seconds. Elapsed time: 2.173 seconds; current allocated memory: 162.125 MB.
INFO: [HLS 200-10] Analyzing design file 'filter_kernel.cpp' ... 
ERROR: [HLS 207-3777] use of undeclared identifier 'next_axie4_data'; did you mean 'new_axie4_data'? (filter_kernel.cpp:207:29)
INFO: [HLS 207-4436] 'new_axie4_data' declared here (filter_kernel.cpp:202:33)
ERROR: [HLS 207-3777] use of undeclared identifier 'next_axie_data'; did you mean 'new_axie4_data'? (filter_kernel.cpp:208:29)
ERROR: [HLS 207-3776] use of undeclared identifier 'c' (filter_kernel.cpp:208:91)
ERROR: [HLS 207-3777] use of undeclared identifier 'next_axie4_data'; did you mean 'new_axie4_data'? (filter_kernel.cpp:212:55)
ERROR: [HLS 207-7] expected '}' (filter_kernel.cpp:250:2)
INFO: [HLS 207-66] to match this '{' (filter_kernel.cpp:8:12)
ERROR:  
INFO: [HLS 200-112] Total CPU user time: 2 seconds. Total CPU system time: 0 seconds. Total elapsed time: 3.149 seconds; peak allocated memory: 163.848 MB.
